#
# A fatal error has been detected by the Java Runtime Environment:
#
#  SIGSEGV (0xb) at pc=0x00007f4f61677633, pid=25091, tid=0x00007f4f4c8c4700
#
# JRE version: OpenJDK Runtime Environment (8.0_191-b12) (build 1.8.0_191-8u191-b12-2ubuntu0.18.04.1-b12)
# Java VM: OpenJDK 64-Bit Server VM (25.191-b12 mixed mode linux-amd64 compressed oops)
# Problematic frame:
# C  [libatk-bridge-2.0.so.0+0xd633]  spi_register_object_to_path+0x13
#
# Failed to write core dump. Core dumps have been disabled. To enable core dumping, try "ulimit -c unlimited" before starting Java again
#
# If you would like to submit a bug report, please visit:
#   http://bugreport.java.com/bugreport/crash.jsp
# The crash happened outside the Java Virtual Machine in native code.
# See problematic frame for where to report the bug.
#

---------------  T H R E A D  ---------------

Current thread (0x00007f4fc430f800):  JavaThread "AWT-EventQueue-1" [_thread_in_native, id=25122, stack(0x00007f4f4c7c4000,0x00007f4f4c8c5000)]

siginfo: si_signo: 11 (SIGSEGV), si_code: 1 (SEGV_MAPERR), si_addr: 0x0000000000000018

Registers:
RAX=0x0000000000000000, RBX=0x00007f4fc4316680, RCX=0x0000000000000000, RDX=0x0000000000000002
RSP=0x00007f4f4c8c1a18, RBP=0x00007f4f4c8c1ac0, RSI=0x00007f4fc4316680, RDI=0x00007f4fc42e1190
R8 =0x00007f4fc42d9078, R9 =0x0000000000000000, R10=0x0000000000000008, R11=0x0000000000000050
R12=0x00007f4f4c8c1ac0, R13=0x00007f4fc4316680, R14=0x00007f4f61899ff0, R15=0x00007f4fc430f800
RIP=0x00007f4f61677633, EFLAGS=0x0000000000010202, CSGSFS=0x002b000000000033, ERR=0x0000000000000004
  TRAPNO=0x000000000000000e

Top of Stack: (sp=0x00007f4f4c8c1a18)
0x00007f4f4c8c1a18:   00007f4f6167a0b0 00007f4fc4319910
0x00007f4f4c8c1a28:   e34ee08a09a3d800 00007f4f616901be
0x00007f4f4c8c1a38:   00007f4f60ecec67 00007f4f4000f940
0x00007f4f4c8c1a48:   00007f4f616901be 00007f4f616901a6
0x00007f4f4c8c1a58:   e34ee08a09a3d800 00007f4f4000f940
0x00007f4f4c8c1a68:   00007f4f4c8c1ac0 00007f4f4c8c1ac0
0x00007f4f4c8c1a78:   e34ee08a09a3d800 00007f4f40005280
0x00007f4f4c8c1a88:   00007f4f40005280 00007f4f4000f940
0x00007f4f4c8c1a98:   00007f4f616783fd 00007f4fc431a088
0x00007f4f4c8c1aa8:   00007f4fc431a010 00007f4f4c8c1ac0
0x00007f4f4c8c1ab8:   00007f4f60ec3031 00007f4f4000f940
0x00007f4f4c8c1ac8:   e34ee08a00e00000 00007f4fc432006c
0x00007f4f4c8c1ad8:   0000000000000000 00007f4f00000000
0x00007f4f4c8c1ae8:   00007f4f4000f990 0000000000000000
0x00007f4f4c8c1af8:   0000000160ec2c31 00007f4f4000b100
0x00007f4f4c8c1b08:   e34ee08a09a3d800 00007f4f40005280
0x00007f4f4c8c1b18:   00007f4f61899ff8 00007f4f4c8c1b40
0x00007f4f4c8c1b28:   00007f4f6167914e 00007f4f4c8c1ba0
0x00007f4f4c8c1b38:   0000000000000000 0000000000000000
0x00007f4f4c8c1b48:   0000000000000000 00007f4f9760d279
0x00007f4f4c8c1b58:   00007f4fc430f800 00007f4f975914c0
0x00007f4f4c8c1b68:   e34ee08a09a3d800 0000000000000000
0x00007f4f4c8c1b78:   00007f4f4c8c1c08 0000000000000000
0x00007f4f4c8c1b88:   00007f4f975914c0 00007f4f4c8c1c20
0x00007f4f4c8c1b98:   00007f4f61ac6c3c 00007f4f975914c0
0x00007f4f4c8c1ba8:   00007f4f61ac6d32 00007f4f975914c0
0x00007f4f4c8c1bb8:   00007f4fb5018407 00007f4fb5018122
0x00007f4f4c8c1bc8:   00007f4f4c8c1bc8 00007f4f975914c0
0x00007f4f4c8c1bd8:   00007f4f4c8c1c20 00007f4f97593a58
0x00007f4f4c8c1be8:   0000000000000000 00007f4f975914c0
0x00007f4f4c8c1bf8:   0000000000000000 00007f4f4c8c1c28
0x00007f4f4c8c1c08:   00007f4f4c8c1c68 00007f4fb5007ffd 

Instructions: (pc=0x00007f4f61677633)
0x00007f4f61677613:   1f 40 00 66 2e 0f 1f 84 00 00 00 00 00 48 85 f6
0x00007f4f61677623:   0f 84 2f 01 00 00 48 8b 05 80 19 22 00 48 8b 00
0x00007f4f61677633:   48 39 70 18 0f 84 f3 00 00 00 41 54 55 48 89 fd
0x00007f4f61677643:   53 48 89 f3 48 8d 35 d8 31 01 00 48 89 df e8 8a 

Register to memory mapping:

RAX=0x0000000000000000 is an unknown value
RBX=0x00007f4fc4316680 is an unknown value
RCX=0x0000000000000000 is an unknown value
RDX=0x0000000000000002 is an unknown value
RSP=0x00007f4f4c8c1a18 is pointing into the stack for thread: 0x00007f4fc430f800
RBP=0x00007f4f4c8c1ac0 is pointing into the stack for thread: 0x00007f4fc430f800
RSI=0x00007f4fc4316680 is an unknown value
RDI=0x00007f4fc42e1190 is an unknown value
R8 =0x00007f4fc42d9078 is an unknown value
R9 =0x0000000000000000 is an unknown value
R10=0x0000000000000008 is an unknown value
R11=0x0000000000000050 is an unknown value
R12=0x00007f4f4c8c1ac0 is pointing into the stack for thread: 0x00007f4fc430f800
R13=0x00007f4fc4316680 is an unknown value
R14=0x00007f4f61899ff0: atspi_dbus_name+0 in /usr/lib/x86_64-linux-gnu/libatk-bridge-2.0.so.0 at 0x00007f4f6166a000
R15=0x00007f4fc430f800 is a thread


Stack: [0x00007f4f4c7c4000,0x00007f4f4c8c5000],  sp=0x00007f4f4c8c1a18,  free space=1014k
Native frames: (J=compiled Java code, j=interpreted, Vv=VM code, C=native code)
C  [libatk-bridge-2.0.so.0+0xd633]  spi_register_object_to_path+0x13
C  0xe34ee08a00e00000

Java frames: (J=compiled Java code, j=interpreted, Vv=VM code)
j  org.GNOME.Accessibility.AtkWrapper.loadAtkBridge()V+0
j  org.GNOME.Accessibility.AtkWrapper$4.eventDispatched(Ljava/awt/AWTEvent;)V+18
j  java.awt.Toolkit$SelectiveAWTEventListener.eventDispatched(Ljava/awt/AWTEvent;)V+733
j  java.awt.Toolkit.notifyAWTEventListeners(Ljava/awt/AWTEvent;)V+30
j  java.awt.Component.dispatchEventImpl(Ljava/awt/AWTEvent;)V+257
j  java.awt.Container.dispatchEventImpl(Ljava/awt/AWTEvent;)V+42
j  java.awt.Window.dispatchEventImpl(Ljava/awt/AWTEvent;)V+19
j  java.awt.Component.dispatchEvent(Ljava/awt/AWTEvent;)V+2
j  java.awt.EventQueue.dispatchEventImpl(Ljava/awt/AWTEvent;Ljava/lang/Object;)V+41
j  java.awt.EventQueue.access$500(Ljava/awt/EventQueue;Ljava/awt/AWTEvent;Ljava/lang/Object;)V+3
j  java.awt.EventQueue$3.run()Ljava/lang/Void;+32
j  java.awt.EventQueue$3.run()Ljava/lang/Object;+1
v  ~StubRoutines::call_stub
j  java.security.AccessController.doPrivileged(Ljava/security/PrivilegedAction;Ljava/security/AccessControlContext;)Ljava/lang/Object;+0
j  java.security.ProtectionDomain$JavaSecurityAccessImpl.doIntersectionPrivilege(Ljava/security/PrivilegedAction;Ljava/security/AccessControlContext;Ljava/security/AccessControlContext;)Ljava/lang/Object;+18
j  java.security.ProtectionDomain$JavaSecurityAccessImpl.doIntersectionPrivilege(Ljava/security/PrivilegedAction;Ljava/security/AccessControlContext;)Ljava/lang/Object;+6
j  java.awt.EventQueue$4.run()Ljava/lang/Void;+11
j  java.awt.EventQueue$4.run()Ljava/lang/Object;+1
v  ~StubRoutines::call_stub
j  java.security.AccessController.doPrivileged(Ljava/security/PrivilegedAction;Ljava/security/AccessControlContext;)Ljava/lang/Object;+0
j  java.security.ProtectionDomain$JavaSecurityAccessImpl.doIntersectionPrivilege(Ljava/security/PrivilegedAction;Ljava/security/AccessControlContext;Ljava/security/AccessControlContext;)Ljava/lang/Object;+18
j  java.awt.EventQueue.dispatchEvent(Ljava/awt/AWTEvent;)V+73
j  org.GNOME.Accessibility.AtkWrapper$6.dispatchEvent(Ljava/awt/AWTEvent;)V+100
j  java.awt.EventDispatchThread.pumpOneEventForFilters(I)V+140
j  java.awt.EventDispatchThread.pumpEventsForFilter(ILjava/awt/Conditional;Ljava/awt/EventFilter;)V+35
j  java.awt.EventDispatchThread.pumpEventsForHierarchy(ILjava/awt/Conditional;Ljava/awt/Component;)V+11
j  java.awt.EventDispatchThread.pumpEvents(ILjava/awt/Conditional;)V+4
j  java.awt.EventDispatchThread.pumpEvents(Ljava/awt/Conditional;)V+3
j  java.awt.EventDispatchThread.run()V+9
v  ~StubRoutines::call_stub

---------------  P R O C E S S  ---------------

Java Threads: ( => current thread )
=>0x00007f4fc430f800 JavaThread "AWT-EventQueue-1" [_thread_in_native, id=25122, stack(0x00007f4f4c7c4000,0x00007f4f4c8c5000)]
  0x00007f4fc430c000 JavaThread "AWT-Shutdown" [_thread_blocked, id=25121, stack(0x00007f4f60042000,0x00007f4f60143000)]
  0x00007f4fc42c3800 JavaThread "process reaper" daemon [_thread_blocked, id=25120, stack(0x00007f4f940a6000,0x00007f4f940df000)]
  0x00007f4fc42ad000 JavaThread "AWT-XAWT" daemon [_thread_in_Java, id=25118, stack(0x00007f4f88007000,0x00007f4f88108000)]
  0x00007f4fc4286800 JavaThread "Java2D Disposer" daemon [_thread_blocked, id=25117, stack(0x00007f4f940df000,0x00007f4f941e0000)]
  0x00007f4fc40cc000 JavaThread "Service Thread" daemon [_thread_blocked, id=25115, stack(0x00007f4f945e7000,0x00007f4f946e8000)]
  0x00007f4fc40c8800 JavaThread "C1 CompilerThread3" daemon [_thread_blocked, id=25114, stack(0x00007f4f946e9000,0x00007f4f947e9000)]
  0x00007f4fc40c6800 JavaThread "C2 CompilerThread2" daemon [_thread_blocked, id=25113, stack(0x00007f4f947ea000,0x00007f4f948ea000)]
  0x00007f4fc40c5000 JavaThread "C2 CompilerThread1" daemon [_thread_blocked, id=25112, stack(0x00007f4f948eb000,0x00007f4f949eb000)]
  0x00007f4fc40c2000 JavaThread "C2 CompilerThread0" daemon [_thread_blocked, id=25111, stack(0x00007f4f949ec000,0x00007f4f94aec000)]
  0x00007f4fc40c0800 JavaThread "Signal Dispatcher" daemon [_thread_blocked, id=25110, stack(0x00007f4f94aec000,0x00007f4f94bed000)]
  0x00007f4fc408e000 JavaThread "Finalizer" daemon [_thread_blocked, id=25109, stack(0x00007f4f94ecb000,0x00007f4f94fcc000)]
  0x00007f4fc408b800 JavaThread "Reference Handler" daemon [_thread_blocked, id=25108, stack(0x00007f4f94fcc000,0x00007f4f950cd000)]
  0x00007f4fc400b800 JavaThread "main" [_thread_in_Java, id=25093, stack(0x00007f4fcbff5000,0x00007f4fcc0f5000)]

Other Threads:
  0x00007f4fc4081800 VMThread [stack: 0x00007f4f950ce000,0x00007f4f951ce000] [id=25107]
  0x00007f4fc40ce800 WatcherThread [stack: 0x00007f4f944e7000,0x00007f4f945e7000] [id=25116]

VM state:not at safepoint (normal execution)

VM Mutex/Monitor currently owned by a thread: None

Heap:
 PSYoungGen      total 74752K, used 9032K [0x000000076cf00000, 0x0000000772200000, 0x00000007c0000000)
  eden space 64512K, 14% used [0x000000076cf00000,0x000000076d7d2028,0x0000000770e00000)
  from space 10240K, 0% used [0x0000000771800000,0x0000000771800000,0x0000000772200000)
  to   space 10240K, 0% used [0x0000000770e00000,0x0000000770e00000,0x0000000771800000)
 ParOldGen       total 171008K, used 0K [0x00000006c6c00000, 0x00000006d1300000, 0x000000076cf00000)
  object space 171008K, 0% used [0x00000006c6c00000,0x00000006c6c00000,0x00000006d1300000)
 Metaspace       used 7919K, capacity 8142K, committed 8448K, reserved 1056768K
  class space    used 862K, capacity 939K, committed 1024K, reserved 1048576K

Card table byte_map: [0x00007f4fb4835000,0x00007f4fb5000000] byte_map_base: 0x00007f4fb11ff000

Marking Bits: (ParMarkBitMap*) 0x00007f4fcb296340
 Begin Bits: [0x00007f4f88360000, 0x00007f4f8c1b0000)
 End Bits:   [0x00007f4f8c1b0000, 0x00007f4f90000000)

Polling page: 0x00007f4fcc117000

CodeCache: size=245760Kb used=1833Kb max_used=1833Kb free=243926Kb
 bounds [0x00007f4fb5000000, 0x00007f4fb5270000, 0x00007f4fc4000000]
 total_blobs=807 nmethods=344 adapters=378
 compilation: enabled

Compilation events (10 events):
Event: 0.250 Thread 0x00007f4fc40c8800 nmethod 336 0x00007f4fb51c3690 code [0x00007f4fb51c3820, 0x00007f4fb51c3c58]
Event: 0.250 Thread 0x00007f4fc40c8800  337       3       sun.java2d.loops.GraphicsPrimitiveMgr::locate (104 bytes)
Event: 0.250 Thread 0x00007f4fc40c5000 nmethod 333 0x00007f4fb51c6b50 code [0x00007f4fb51c6ca0, 0x00007f4fb51c6db8]
Event: 0.250 Thread 0x00007f4fc40c8800 nmethod 337 0x00007f4fb51c5bd0 code [0x00007f4fb51c5de0, 0x00007f4fb51c6818]
Event: 0.250 Thread 0x00007f4fc40c8800  338       3       java.util.Arrays::binarySearch (10 bytes)
Event: 0.250 Thread 0x00007f4fc40c8800 nmethod 338 0x00007f4fb51c5810 code [0x00007f4fb51c5980, 0x00007f4fb51c5ae8]
Event: 0.250 Thread 0x00007f4fc40c8800  339       1       sun.java2d.loops.SurfaceType::getSuperType (5 bytes)
Event: 0.250 Thread 0x00007f4fc40c8800 nmethod 339 0x00007f4fb51c5550 code [0x00007f4fb51c56a0, 0x00007f4fb51c57b0]
Event: 0.258 Thread 0x00007f4fc40c8800  341       3       sun.util.logging.PlatformLogger::isLoggable (38 bytes)
Event: 0.259 Thread 0x00007f4fc40c8800 nmethod 341 0x00007f4fb51c94d0 code [0x00007f4fb51c9660, 0x00007f4fb51c9a68]

GC Heap History (0 events):
No events

Deoptimization events (0 events):
No events

Classes redefined (0 events):
No events

Internal exceptions (10 events):
Event: 0.091 Thread 0x00007f4fc400b800 Exception <a 'java/security/PrivilegedActionException'> (0x000000076cf95860) thrown at [/build/openjdk-8-5w_p1G/openjdk-8-8u191-b12/src/hotspot/src/share/vm/prims/jvm.cpp, line 1429]
Event: 0.091 Thread 0x00007f4fc400b800 Exception <a 'java/security/PrivilegedActionException'> (0x000000076cf95a70) thrown at [/build/openjdk-8-5w_p1G/openjdk-8-8u191-b12/src/hotspot/src/share/vm/prims/jvm.cpp, line 1429]
Event: 0.091 Thread 0x00007f4fc400b800 Exception <a 'java/security/PrivilegedActionException'> (0x000000076cf97af8) thrown at [/build/openjdk-8-5w_p1G/openjdk-8-8u191-b12/src/hotspot/src/share/vm/prims/jvm.cpp, line 1429]
Event: 0.091 Thread 0x00007f4fc400b800 Exception <a 'java/security/PrivilegedActionException'> (0x000000076cf97d08) thrown at [/build/openjdk-8-5w_p1G/openjdk-8-8u191-b12/src/hotspot/src/share/vm/prims/jvm.cpp, line 1429]
Event: 0.092 Thread 0x00007f4fc400b800 Exception <a 'java/security/PrivilegedActionException'> (0x000000076cf987e0) thrown at [/build/openjdk-8-5w_p1G/openjdk-8-8u191-b12/src/hotspot/src/share/vm/prims/jvm.cpp, line 1429]
Event: 0.092 Thread 0x00007f4fc400b800 Exception <a 'java/security/PrivilegedActionException'> (0x000000076cf989f0) thrown at [/build/openjdk-8-5w_p1G/openjdk-8-8u191-b12/src/hotspot/src/share/vm/prims/jvm.cpp, line 1429]
Event: 0.121 Thread 0x00007f4fc400b800 Exception <a 'java/lang/NoSuchFieldError': method resolution failed> (0x000000076d1ab650) thrown at [/build/openjdk-8-5w_p1G/openjdk-8-8u191-b12/src/hotspot/src/share/vm/prims/methodHandles.cpp, line 1167]
Event: 0.122 Thread 0x00007f4fc400b800 Exception <a 'java/lang/NoSuchFieldError': method resolution failed> (0x000000076d1b8e50) thrown at [/build/openjdk-8-5w_p1G/openjdk-8-8u191-b12/src/hotspot/src/share/vm/prims/methodHandles.cpp, line 1167]
Event: 0.136 Thread 0x00007f4fc400b800 Exception <a 'java/io/FileNotFoundException'> (0x000000076d2380f8) thrown at [/build/openjdk-8-5w_p1G/openjdk-8-8u191-b12/src/hotspot/src/share/vm/prims/jni.cpp, line 709]
Event: 0.156 Thread 0x00007f4fc400b800 Exception <a 'java/lang/ClassNotFoundException': sun/dc/DuctusRenderingEngine> (0x000000076d2532f0) thrown at [/build/openjdk-8-5w_p1G/openjdk-8-8u191-b12/src/hotspot/src/share/vm/classfile/systemDictionary.cpp, line 210]

Events (10 events):
Event: 0.259 loading class java/awt/event/InputMethodEvent
Event: 0.259 loading class java/awt/event/ContainerEvent
Event: 0.259 loading class java/awt/event/InputMethodEvent done
Event: 0.259 loading class java/awt/event/ActionEvent
Event: 0.259 loading class java/awt/event/ContainerEvent done
Event: 0.259 loading class java/awt/event/ActionEvent done
Event: 0.259 loading class java/awt/event/FocusEvent
Event: 0.259 loading class java/awt/event/FocusEvent done
Event: 0.259 loading class sun/awt/HeadlessToolkit
Event: 0.259 loading class sun/awt/HeadlessToolkit done


Dynamic libraries:
6c6c00000-6d1300000 rw-p 00000000 00:00 0 
6d1300000-76cf00000 ---p 00000000 00:00 0 
76cf00000-772200000 rw-p 00000000 00:00 0 
772200000-7c0000000 ---p 00000000 00:00 0 
7c0000000-7c0100000 rw-p 00000000 00:00 0 
7c0100000-800000000 ---p 00000000 00:00 0 
562c2bf9b000-562c2bf9c000 r-xp 00000000 fd:01 106299887                  /usr/lib/jvm/java-8-openjdk-amd64/jre/bin/java
562c2c19b000-562c2c19c000 r--p 00000000 fd:01 106299887                  /usr/lib/jvm/java-8-openjdk-amd64/jre/bin/java
562c2c19c000-562c2c19d000 rw-p 00001000 fd:01 106299887                  /usr/lib/jvm/java-8-openjdk-amd64/jre/bin/java
562c2d110000-562c2d131000 rw-p 00000000 00:00 0                          [heap]
7f4f40000000-7f4f40021000 rw-p 00000000 00:00 0 
7f4f40021000-7f4f44000000 ---p 00000000 00:00 0 
7f4f48000000-7f4f48021000 rw-p 00000000 00:00 0 
7f4f48021000-7f4f4c000000 ---p 00000000 00:00 0 
7f4f4c7c4000-7f4f4c7c7000 ---p 00000000 00:00 0 
7f4f4c7c7000-7f4f4c8c5000 rw-p 00000000 00:00 0 
7f4f4c8c5000-7f4f4c8ce000 r-xp 00000000 fd:01 106576093                  /usr/lib/jvm/java-8-openjdk-amd64/jre/lib/amd64/libmanagement.so
7f4f4c8ce000-7f4f4cacd000 ---p 00009000 fd:01 106576093                  /usr/lib/jvm/java-8-openjdk-amd64/jre/lib/amd64/libmanagement.so
7f4f4cacd000-7f4f4cace000 r--p 00008000 fd:01 106576093                  /usr/lib/jvm/java-8-openjdk-amd64/jre/lib/amd64/libmanagement.so
7f4f4cace000-7f4f4cacf000 rw-p 00009000 fd:01 106576093                  /usr/lib/jvm/java-8-openjdk-amd64/jre/lib/amd64/libmanagement.so
7f4f4cacf000-7f4f4cae3000 r-xp 00000000 fd:01 36438269                   /lib/x86_64-linux-gnu/libgpg-error.so.0.22.0
7f4f4cae3000-7f4f4cce2000 ---p 00014000 fd:01 36438269                   /lib/x86_64-linux-gnu/libgpg-error.so.0.22.0
7f4f4cce2000-7f4f4cce3000 r--p 00013000 fd:01 36438269                   /lib/x86_64-linux-gnu/libgpg-error.so.0.22.0
7f4f4cce3000-7f4f4cce4000 rw-p 00014000 fd:01 36438269                   /lib/x86_64-linux-gnu/libgpg-error.so.0.22.0
7f4f4cce4000-7f4f4cdf8000 r-xp 00000000 fd:01 36438271                   /lib/x86_64-linux-gnu/libgcrypt.so.20.2.1
7f4f4cdf8000-7f4f4cff7000 ---p 00114000 fd:01 36438271                   /lib/x86_64-linux-gnu/libgcrypt.so.20.2.1
7f4f4cff7000-7f4f4cff9000 r--p 00113000 fd:01 36438271                   /lib/x86_64-linux-gnu/libgcrypt.so.20.2.1
7f4f4cff9000-7f4f4cffe000 rw-p 00115000 fd:01 36438271                   /lib/x86_64-linux-gnu/libgcrypt.so.20.2.1
7f4f4cffe000-7f4f50000000 rw-p 00000000 00:00 0 
7f4f50000000-7f4f50021000 rw-p 00000000 00:00 0 
7f4f50021000-7f4f54000000 ---p 00000000 00:00 0 
7f4f54000000-7f4f54021000 rw-p 00000000 00:00 0 
7f4f54021000-7f4f58000000 ---p 00000000 00:00 0 
7f4f58000000-7f4f58021000 rw-p 00000000 00:00 0 
7f4f58021000-7f4f5c000000 ---p 00000000 00:00 0 
7f4f5c000000-7f4f5c021000 rw-p 00000000 00:00 0 
7f4f5c021000-7f4f60000000 ---p 00000000 00:00 0 
7f4f60042000-7f4f60045000 ---p 00000000 00:00 0 
7f4f60045000-7f4f60143000 rw-p 00000000 00:00 0 
7f4f60143000-7f4f6015e000 r-xp 00000000 fd:01 105388618                  /usr/lib/x86_64-linux-gnu/liblz4.so.1.7.1
7f4f6015e000-7f4f6035d000 ---p 0001b000 fd:01 105388618                  /usr/lib/x86_64-linux-gnu/liblz4.so.1.7.1
7f4f6035d000-7f4f6035e000 r--p 0001a000 fd:01 105388618                  /usr/lib/x86_64-linux-gnu/liblz4.so.1.7.1
7f4f6035e000-7f4f6035f000 rw-p 0001b000 fd:01 105388618                  /usr/lib/x86_64-linux-gnu/liblz4.so.1.7.1
7f4f6035f000-7f4f60383000 r-xp 00000000 fd:01 36438229                   /lib/x86_64-linux-gnu/liblzma.so.5.2.2
7f4f60383000-7f4f60583000 ---p 00024000 fd:01 36438229                   /lib/x86_64-linux-gnu/liblzma.so.5.2.2
7f4f60583000-7f4f60584000 r--p 00024000 fd:01 36438229                   /lib/x86_64-linux-gnu/liblzma.so.5.2.2
7f4f60584000-7f4f60585000 rw-p 00025000 fd:01 36438229                   /lib/x86_64-linux-gnu/liblzma.so.5.2.2
7f4f60585000-7f4f60605000 r-xp 00000000 fd:01 36439342                   /lib/x86_64-linux-gnu/libsystemd.so.0.21.0
7f4f60605000-7f4f60804000 ---p 00080000 fd:01 36439342                   /lib/x86_64-linux-gnu/libsystemd.so.0.21.0
7f4f60804000-7f4f60807000 r--p 0007f000 fd:01 36439342                   /lib/x86_64-linux-gnu/libsystemd.so.0.21.0
7f4f60807000-7f4f60808000 rw-p 00082000 fd:01 36439342                   /lib/x86_64-linux-gnu/libsystemd.so.0.21.0
7f4f60808000-7f4f60809000 rw-p 00000000 00:00 0 
7f4f60809000-7f4f60879000 r-xp 00000000 fd:01 36438263                   /lib/x86_64-linux-gnu/libpcre.so.3.13.3
7f4f60879000-7f4f60a79000 ---p 00070000 fd:01 36438263                   /lib/x86_64-linux-gnu/libpcre.so.3.13.3
7f4f60a79000-7f4f60a7a000 r--p 00070000 fd:01 36438263                   /lib/x86_64-linux-gnu/libpcre.so.3.13.3
7f4f60a7a000-7f4f60a7b000 rw-p 00071000 fd:01 36438263                   /lib/x86_64-linux-gnu/libpcre.so.3.13.3
7f4f60a7b000-7f4f60a82000 r-xp 00000000 fd:01 105382064                  /usr/lib/x86_64-linux-gnu/libffi.so.6.0.4
7f4f60a82000-7f4f60c81000 ---p 00007000 fd:01 105382064                  /usr/lib/x86_64-linux-gnu/libffi.so.6.0.4
7f4f60c81000-7f4f60c82000 r--p 00006000 fd:01 105382064                  /usr/lib/x86_64-linux-gnu/libffi.so.6.0.4
7f4f60c82000-7f4f60c83000 rw-p 00007000 fd:01 105382064                  /usr/lib/x86_64-linux-gnu/libffi.so.6.0.4
7f4f60c83000-7f4f60caf000 r-xp 00000000 fd:01 105382219                  /usr/lib/x86_64-linux-gnu/libatspi.so.0.0.1
7f4f60caf000-7f4f60eaf000 ---p 0002c000 fd:01 105382219                  /usr/lib/x86_64-linux-gnu/libatspi.so.0.0.1
7f4f60eaf000-7f4f60eb2000 r--p 0002c000 fd:01 105382219                  /usr/lib/x86_64-linux-gnu/libatspi.so.0.0.1
7f4f60eb2000-7f4f60eb3000 rw-p 0002f000 fd:01 105382219                  /usr/lib/x86_64-linux-gnu/libatspi.so.0.0.1
7f4f60eb3000-7f4f60efe000 r-xp 00000000 fd:01 36438088                   /lib/x86_64-linux-gnu/libdbus-1.so.3.19.4
7f4f60efe000-7f4f610fe000 ---p 0004b000 fd:01 36438088                   /lib/x86_64-linux-gnu/libdbus-1.so.3.19.4
7f4f610fe000-7f4f610ff000 r--p 0004b000 fd:01 36438088                   /lib/x86_64-linux-gnu/libdbus-1.so.3.19.4
7f4f610ff000-7f4f61100000 rw-p 0004c000 fd:01 36438088                   /lib/x86_64-linux-gnu/libdbus-1.so.3.19.4
7f4f61100000-7f4f61213000 r-xp 00000000 fd:01 105387254                  /usr/lib/x86_64-linux-gnu/libglib-2.0.so.0.5600.3
7f4f61213000-7f4f61413000 ---p 00113000 fd:01 105387254                  /usr/lib/x86_64-linux-gnu/libglib-2.0.so.0.5600.3
7f4f61413000-7f4f61414000 r--p 00113000 fd:01 105387254                  /usr/lib/x86_64-linux-gnu/libglib-2.0.so.0.5600.3
7f4f61414000-7f4f61415000 rw-p 00114000 fd:01 105387254                  /usr/lib/x86_64-linux-gnu/libglib-2.0.so.0.5600.3
7f4f61415000-7f4f61416000 rw-p 00000000 00:00 0 
7f4f61416000-7f4f61468000 r-xp 00000000 fd:01 105387258                  /usr/lib/x86_64-linux-gnu/libgobject-2.0.so.0.5600.3
7f4f61468000-7f4f61668000 ---p 00052000 fd:01 105387258                  /usr/lib/x86_64-linux-gnu/libgobject-2.0.so.0.5600.3
7f4f61668000-7f4f61669000 r--p 00052000 fd:01 105387258                  /usr/lib/x86_64-linux-gnu/libgobject-2.0.so.0.5600.3
7f4f61669000-7f4f6166a000 rw-p 00053000 fd:01 105387258                  /usr/lib/x86_64-linux-gnu/libgobject-2.0.so.0.5600.3
7f4f6166a000-7f4f61698000 r-xp 00000000 fd:01 105388126                  /usr/lib/x86_64-linux-gnu/libatk-bridge-2.0.so.0.0.0
7f4f61698000-7f4f61898000 ---p 0002e000 fd:01 105388126                  /usr/lib/x86_64-linux-gnu/libatk-bridge-2.0.so.0.0.0
7f4f61898000-7f4f61899000 r--p 0002e000 fd:01 105388126                  /usr/lib/x86_64-linux-gnu/libatk-bridge-2.0.so.0.0.0
7f4f61899000-7f4f6189a000 rw-p 0002f000 fd:01 105388126                  /usr/lib/x86_64-linux-gnu/libatk-bridge-2.0.so.0.0.0
7f4f6189a000-7f4f6189b000 rw-p 00000000 00:00 0 
7f4f6189b000-7f4f618bd000 r-xp 00000000 fd:01 105389011                  /usr/lib/x86_64-linux-gnu/libatk-1.0.so.0.22810.1
7f4f618bd000-7f4f61abd000 ---p 00022000 fd:01 105389011                  /usr/lib/x86_64-linux-gnu/libatk-1.0.so.0.22810.1
7f4f61abd000-7f4f61ac0000 r--p 00022000 fd:01 105389011                  /usr/lib/x86_64-linux-gnu/libatk-1.0.so.0.22810.1
7f4f61ac0000-7f4f61ac1000 rw-p 00025000 fd:01 105389011                  /usr/lib/x86_64-linux-gnu/libatk-1.0.so.0.22810.1
7f4f61ac1000-7f4f61ad8000 r-xp 00000000 fd:01 112329812                  /usr/lib/x86_64-linux-gnu/jni/libatk-wrapper.so.6.0.0
7f4f61ad8000-7f4f61cd8000 ---p 00017000 fd:01 112329812                  /usr/lib/x86_64-linux-gnu/jni/libatk-wrapper.so.6.0.0
7f4f61cd8000-7f4f61cd9000 r--p 00017000 fd:01 112329812                  /usr/lib/x86_64-linux-gnu/jni/libatk-wrapper.so.6.0.0
7f4f61cd9000-7f4f61cda000 rw-p 00018000 fd:01 112329812                  /usr/lib/x86_64-linux-gnu/jni/libatk-wrapper.so.6.0.0
7f4f61cda000-7f4f61cf1000 r-xp 00000000 fd:01 106576095                  /usr/lib/jvm/java-8-openjdk-amd64/jre/lib/amd64/libnet.so
7f4f61cf1000-7f4f61ef0000 ---p 00017000 fd:01 106576095                  /usr/lib/jvm/java-8-openjdk-amd64/jre/lib/amd64/libnet.so
7f4f61ef0000-7f4f61ef1000 r--p 00016000 fd:01 106576095                  /usr/lib/jvm/java-8-openjdk-amd64/jre/lib/amd64/libnet.so
7f4f61ef1000-7f4f61ef2000 rw-p 00017000 fd:01 106576095                  /usr/lib/jvm/java-8-openjdk-amd64/jre/lib/amd64/libnet.so
7f4f61ef2000-7f4f61f03000 r-xp 00000000 fd:01 106576096                  /usr/lib/jvm/java-8-openjdk-amd64/jre/lib/amd64/libnio.so
7f4f61f03000-7f4f62103000 ---p 00011000 fd:01 106576096                  /usr/lib/jvm/java-8-openjdk-amd64/jre/lib/amd64/libnio.so
7f4f62103000-7f4f62104000 r--p 00011000 fd:01 106576096                  /usr/lib/jvm/java-8-openjdk-amd64/jre/lib/amd64/libnio.so
7f4f62104000-7f4f62105000 rw-p 00012000 fd:01 106576096                  /usr/lib/jvm/java-8-openjdk-amd64/jre/lib/amd64/libnio.so
7f4f62105000-7f4f6210a000 r-xp 00000000 fd:01 105384084                  /usr/lib/x86_64-linux-gnu/libXfixes.so.3.1.0
7f4f6210a000-7f4f62309000 ---p 00005000 fd:01 105384084                  /usr/lib/x86_64-linux-gnu/libXfixes.so.3.1.0
7f4f62309000-7f4f6230a000 r--p 00004000 fd:01 105384084                  /usr/lib/x86_64-linux-gnu/libXfixes.so.3.1.0
7f4f6230a000-7f4f6230b000 rw-p 00005000 fd:01 105384084                  /usr/lib/x86_64-linux-gnu/libXfixes.so.3.1.0
7f4f6230b000-7f4f62314000 r-xp 00000000 fd:01 105386001                  /usr/lib/x86_64-linux-gnu/libXcursor.so.1.0.2
7f4f62314000-7f4f62513000 ---p 00009000 fd:01 105386001                  /usr/lib/x86_64-linux-gnu/libXcursor.so.1.0.2
7f4f62513000-7f4f62514000 r--p 00008000 fd:01 105386001                  /usr/lib/x86_64-linux-gnu/libXcursor.so.1.0.2
7f4f62514000-7f4f62515000 rw-p 00009000 fd:01 105386001                  /usr/lib/x86_64-linux-gnu/libXcursor.so.1.0.2
7f4f62515000-7f4f62546000 r-xp 00000000 fd:01 105384395                  /usr/lib/x86_64-linux-gnu/libpng16.so.16.34.0
7f4f62546000-7f4f62745000 ---p 00031000 fd:01 105384395                  /usr/lib/x86_64-linux-gnu/libpng16.so.16.34.0
7f4f62745000-7f4f62746000 r--p 00030000 fd:01 105384395                  /usr/lib/x86_64-linux-gnu/libpng16.so.16.34.0
7f4f62746000-7f4f62747000 rw-p 00031000 fd:01 105384395                  /usr/lib/x86_64-linux-gnu/libpng16.so.16.34.0
7f4f62747000-7f4f627f4000 r-xp 00000000 fd:01 105384926                  /usr/lib/x86_64-linux-gnu/libfreetype.so.6.15.0
7f4f627f4000-7f4f629f3000 ---p 000ad000 fd:01 105384926                  /usr/lib/x86_64-linux-gnu/libfreetype.so.6.15.0
7f4f629f3000-7f4f629fa000 r--p 000ac000 fd:01 105384926                  /usr/lib/x86_64-linux-gnu/libfreetype.so.6.15.0
7f4f629fa000-7f4f629fb000 rw-p 000b3000 fd:01 105384926                  /usr/lib/x86_64-linux-gnu/libfreetype.so.6.15.0
7f4f629fb000-7f4f62a4c000 r-xp 00000000 fd:01 106576075                  /usr/lib/jvm/java-8-openjdk-amd64/jre/lib/amd64/libfontmanager.so
7f4f62a4c000-7f4f62c4c000 ---p 00051000 fd:01 106576075                  /usr/lib/jvm/java-8-openjdk-amd64/jre/lib/amd64/libfontmanager.so
7f4f62c4c000-7f4f62c4e000 r--p 00051000 fd:01 106576075                  /usr/lib/jvm/java-8-openjdk-amd64/jre/lib/amd64/libfontmanager.so
7f4f62c4e000-7f4f62c4f000 rw-p 00053000 fd:01 106576075                  /usr/lib/jvm/java-8-openjdk-amd64/jre/lib/amd64/libfontmanager.so
7f4f62c4f000-7f4f62c62000 r-xp 00000000 fd:01 36438213                   /lib/x86_64-linux-gnu/libbsd.so.0.8.7
7f4f62c62000-7f4f62e61000 ---p 00013000 fd:01 36438213                   /lib/x86_64-linux-gnu/libbsd.so.0.8.7
7f4f62e61000-7f4f62e62000 r--p 00012000 fd:01 36438213                   /lib/x86_64-linux-gnu/libbsd.so.0.8.7
7f4f62e62000-7f4f62e63000 rw-p 00013000 fd:01 36438213                   /lib/x86_64-linux-gnu/libbsd.so.0.8.7
7f4f62e63000-7f4f62e64000 rw-p 00000000 00:00 0 
7f4f62e64000-7f4f62e69000 r-xp 00000000 fd:01 105384098                  /usr/lib/x86_64-linux-gnu/libXdmcp.so.6.0.0
7f4f62e69000-7f4f63068000 ---p 00005000 fd:01 105384098                  /usr/lib/x86_64-linux-gnu/libXdmcp.so.6.0.0
7f4f63068000-7f4f63069000 r--p 00004000 fd:01 105384098                  /usr/lib/x86_64-linux-gnu/libXdmcp.so.6.0.0
7f4f63069000-7f4f6306a000 rw-p 00005000 fd:01 105384098                  /usr/lib/x86_64-linux-gnu/libXdmcp.so.6.0.0
7f4f6306a000-7f4f6306c000 r-xp 00000000 fd:01 105389610                  /usr/lib/x86_64-linux-gnu/libXau.so.6.0.0
7f4f6306c000-7f4f6326c000 ---p 00002000 fd:01 105389610                  /usr/lib/x86_64-linux-gnu/libXau.so.6.0.0
7f4f6326c000-7f4f6326d000 r--p 00002000 fd:01 105389610                  /usr/lib/x86_64-linux-gnu/libXau.so.6.0.0
7f4f6326d000-7f4f6326e000 rw-p 00003000 fd:01 105389610                  /usr/lib/x86_64-linux-gnu/libXau.so.6.0.0
7f4f6326e000-7f4f63294000 r-xp 00000000 fd:01 105384100                  /usr/lib/x86_64-linux-gnu/libxcb.so.1.1.0
7f4f63294000-7f4f63494000 ---p 00026000 fd:01 105384100                  /usr/lib/x86_64-linux-gnu/libxcb.so.1.1.0
7f4f63494000-7f4f63495000 r--p 00026000 fd:01 105384100                  /usr/lib/x86_64-linux-gnu/libxcb.so.1.1.0
7f4f63495000-7f4f63496000 rw-p 00027000 fd:01 105384100                  /usr/lib/x86_64-linux-gnu/libxcb.so.1.1.0
7f4f63496000-7f4f634a5000 r-xp 00000000 fd:01 105389108                  /usr/lib/x86_64-linux-gnu/libXi.so.6.1.0
7f4f634a5000-7f4f636a4000 ---p 0000f000 fd:01 105389108                  /usr/lib/x86_64-linux-gnu/libXi.so.6.1.0
7f4f636a4000-7f4f636a5000 r--p 0000e000 fd:01 105389108                  /usr/lib/x86_64-linux-gnu/libXi.so.6.1.0
7f4f636a5000-7f4f636a6000 rw-p 0000f000 fd:01 105389108                  /usr/lib/x86_64-linux-gnu/libXi.so.6.1.0
7f4f636a6000-7f4f636ab000 r-xp 00000000 fd:01 105383150                  /usr/lib/x86_64-linux-gnu/libXtst.so.6.1.0
7f4f636ab000-7f4f638aa000 ---p 00005000 fd:01 105383150                  /usr/lib/x86_64-linux-gnu/libXtst.so.6.1.0
7f4f638aa000-7f4f638ab000 r--p 00004000 fd:01 105383150                  /usr/lib/x86_64-linux-gnu/libXtst.so.6.1.0
7f4f638ab000-7f4f638ac000 rw-p 00005000 fd:01 105383150                  /usr/lib/x86_64-linux-gnu/libXtst.so.6.1.0
7f4f638ac000-7f4f638b5000 r-xp 00000000 fd:01 105387647                  /usr/lib/x86_64-linux-gnu/libXrender.so.1.3.0
7f4f638b5000-7f4f63ab4000 ---p 00009000 fd:01 105387647                  /usr/lib/x86_64-linux-gnu/libXrender.so.1.3.0
7f4f63ab4000-7f4f63ab5000 r--p 00008000 fd:01 105387647                  /usr/lib/x86_64-linux-gnu/libXrender.so.1.3.0
7f4f63ab5000-7f4f63ab6000 rw-p 00009000 fd:01 105387647                  /usr/lib/x86_64-linux-gnu/libXrender.so.1.3.0
7f4f63ab6000-7f4f63be9000 r-xp 00000000 fd:01 105384313                  /usr/lib/x86_64-linux-gnu/libX11.so.6.3.0
7f4f63be9000-7f4f63de9000 ---p 00133000 fd:01 105384313                  /usr/lib/x86_64-linux-gnu/libX11.so.6.3.0
7f4f63de9000-7f4f63dea000 r--p 00133000 fd:01 105384313                  /usr/lib/x86_64-linux-gnu/libX11.so.6.3.0
7f4f63dea000-7f4f63dee000 rw-p 00134000 fd:01 105384313                  /usr/lib/x86_64-linux-gnu/libX11.so.6.3.0
7f4f63dee000-7f4f63dff000 r-xp 00000000 fd:01 105389623                  /usr/lib/x86_64-linux-gnu/libXext.so.6.4.0
7f4f63dff000-7f4f63ffe000 ---p 00011000 fd:01 105389623                  /usr/lib/x86_64-linux-gnu/libXext.so.6.4.0
7f4f63ffe000-7f4f63fff000 r--p 00010000 fd:01 105389623                  /usr/lib/x86_64-linux-gnu/libXext.so.6.4.0
7f4f63fff000-7f4f64000000 rw-p 00011000 fd:01 105389623                  /usr/lib/x86_64-linux-gnu/libXext.so.6.4.0
7f4f64000000-7f4f641dd000 rw-p 00000000 00:00 0 
7f4f641dd000-7f4f68000000 ---p 00000000 00:00 0 
7f4f68000000-7f4f68021000 rw-p 00000000 00:00 0 
7f4f68021000-7f4f6c000000 ---p 00000000 00:00 0 
7f4f6c000000-7f4f6c0b2000 rw-p 00000000 00:00 0 
7f4f6c0b2000-7f4f70000000 ---p 00000000 00:00 0 
7f4f70000000-7f4f7002e000 rw-p 00000000 00:00 0 
7f4f7002e000-7f4f74000000 ---p 00000000 00:00 0 
7f4f74000000-7f4f74021000 rw-p 00000000 00:00 0 
7f4f74021000-7f4f78000000 ---p 00000000 00:00 0 
7f4f78000000-7f4f7805e000 rw-p 00000000 00:00 0 
7f4f7805e000-7f4f7c000000 ---p 00000000 00:00 0 
7f4f7c000000-7f4f7c021000 rw-p 00000000 00:00 0 
7f4f7c021000-7f4f80000000 ---p 00000000 00:00 0 
7f4f80000000-7f4f80021000 rw-p 00000000 00:00 0 
7f4f80021000-7f4f84000000 ---p 00000000 00:00 0 
7f4f84000000-7f4f84021000 rw-p 00000000 00:00 0 
7f4f84021000-7f4f88000000 ---p 00000000 00:00 0 
7f4f88007000-7f4f8800a000 ---p 00000000 00:00 0 
7f4f8800a000-7f4f88108000 rw-p 00000000 00:00 0 
7f4f88108000-7f4f8815c000 r-xp 00000000 fd:01 106576073                  /usr/lib/jvm/java-8-openjdk-amd64/jre/lib/amd64/libawt_xawt.so
7f4f8815c000-7f4f8835b000 ---p 00054000 fd:01 106576073                  /usr/lib/jvm/java-8-openjdk-amd64/jre/lib/amd64/libawt_xawt.so
7f4f8835b000-7f4f8835c000 r--p 00053000 fd:01 106576073                  /usr/lib/jvm/java-8-openjdk-amd64/jre/lib/amd64/libawt_xawt.so
7f4f8835c000-7f4f8835f000 rw-p 00054000 fd:01 106576073                  /usr/lib/jvm/java-8-openjdk-amd64/jre/lib/amd64/libawt_xawt.so
7f4f8835f000-7f4f90000000 rw-p 00000000 00:00 0 
7f4f90000000-7f4f90021000 rw-p 00000000 00:00 0 
7f4f90021000-7f4f94000000 ---p 00000000 00:00 0 
7f4f940a6000-7f4f940a9000 ---p 00000000 00:00 0 
7f4f940a9000-7f4f940df000 rw-p 00000000 00:00 0 
7f4f940df000-7f4f940e2000 ---p 00000000 00:00 0 
7f4f940e2000-7f4f941e0000 rw-p 00000000 00:00 0 
7f4f941e0000-7f4f94280000 r-xp 00000000 fd:01 106568149                  /usr/lib/jvm/java-8-openjdk-amd64/jre/lib/amd64/libawt.so
7f4f94280000-7f4f9447f000 ---p 000a0000 fd:01 106568149                  /usr/lib/jvm/java-8-openjdk-amd64/jre/lib/amd64/libawt.so
7f4f9447f000-7f4f94480000 r--p 0009f000 fd:01 106568149                  /usr/lib/jvm/java-8-openjdk-amd64/jre/lib/amd64/libawt.so
7f4f94480000-7f4f9448b000 rw-p 000a0000 fd:01 106568149                  /usr/lib/jvm/java-8-openjdk-amd64/jre/lib/amd64/libawt.so
7f4f9448b000-7f4f944b0000 rw-p 00000000 00:00 0 
7f4f944b0000-7f4f944cb000 r--s 001d6000 fd:01 107353343                  /usr/lib/jvm/java-8-openjdk-amd64/jre/lib/ext/nashorn.jar
7f4f944cb000-7f4f944e6000 r--s 00394000 fd:01 107351662                  /usr/lib/jvm/java-8-openjdk-amd64/jre/lib/ext/cldrdata.jar
7f4f944e6000-7f4f944e7000 ---p 00000000 00:00 0 
7f4f944e7000-7f4f945e7000 rw-p 00000000 00:00 0 
7f4f945e7000-7f4f945ea000 ---p 00000000 00:00 0 
7f4f945ea000-7f4f946e8000 rw-p 00000000 00:00 0 
7f4f946e8000-7f4f946e9000 ---p 00000000 00:00 0 
7f4f946e9000-7f4f946ec000 ---p 00000000 00:00 0 
7f4f946ec000-7f4f947e9000 rw-p 00000000 00:00 0 
7f4f947e9000-7f4f947ea000 ---p 00000000 00:00 0 
7f4f947ea000-7f4f947ed000 ---p 00000000 00:00 0 
7f4f947ed000-7f4f948ea000 rw-p 00000000 00:00 0 
7f4f948ea000-7f4f948eb000 ---p 00000000 00:00 0 
7f4f948eb000-7f4f948ee000 ---p 00000000 00:00 0 
7f4f948ee000-7f4f949eb000 rw-p 00000000 00:00 0 
7f4f949eb000-7f4f949ec000 ---p 00000000 00:00 0 
7f4f949ec000-7f4f949ef000 ---p 00000000 00:00 0 
7f4f949ef000-7f4f94aec000 rw-p 00000000 00:00 0 
7f4f94aec000-7f4f94aef000 ---p 00000000 00:00 0 
7f4f94aef000-7f4f94bed000 rw-p 00000000 00:00 0 
7f4f94bed000-7f4f94ecb000 r--p 00000000 fd:01 105382319                  /usr/lib/locale/locale-archive
7f4f94ecb000-7f4f94ece000 ---p 00000000 00:00 0 
7f4f94ece000-7f4f94fcc000 rw-p 00000000 00:00 0 
7f4f94fcc000-7f4f94fcf000 ---p 00000000 00:00 0 
7f4f94fcf000-7f4f950cd000 rw-p 00000000 00:00 0 
7f4f950cd000-7f4f950ce000 ---p 00000000 00:00 0 
7f4f950ce000-7f4f96df1000 rw-p 00000000 00:00 0 
7f4f96df1000-7f4f96fc0000 r--s 03c33000 fd:01 106432789                  /usr/lib/jvm/java-8-openjdk-amd64/jre/lib/rt.jar
7f4f96fc0000-7f4f97776000 rw-p 00000000 00:00 0 
7f4f97776000-7f4f97836000 ---p 00000000 00:00 0 
7f4f97836000-7f4f98000000 rw-p 00000000 00:00 0 
7f4f98000000-7f4f98021000 rw-p 00000000 00:00 0 
7f4f98021000-7f4f9c000000 ---p 00000000 00:00 0 
7f4f9c000000-7f4f9c021000 rw-p 00000000 00:00 0 
7f4f9c021000-7f4fa0000000 ---p 00000000 00:00 0 
7f4fa0000000-7f4fa0021000 rw-p 00000000 00:00 0 
7f4fa0021000-7f4fa4000000 ---p 00000000 00:00 0 
7f4fa4000000-7f4fa4021000 rw-p 00000000 00:00 0 
7f4fa4021000-7f4fa8000000 ---p 00000000 00:00 0 
7f4fa8000000-7f4fa8021000 rw-p 00000000 00:00 0 
7f4fa8021000-7f4fac000000 ---p 00000000 00:00 0 
7f4fac000000-7f4fac021000 rw-p 00000000 00:00 0 
7f4fac021000-7f4fb0000000 ---p 00000000 00:00 0 
7f4fb0000000-7f4fb0021000 rw-p 00000000 00:00 0 
7f4fb0021000-7f4fb4000000 ---p 00000000 00:00 0 
7f4fb4005000-7f4fb400a000 r--s 002f9000 fd:01 106430955                  /usr/lib/jvm/java-8-openjdk-amd64/jre/lib/charsets.jar
7f4fb400a000-7f4fb400c000 r--s 00016000 fd:01 106432782                  /usr/lib/jvm/java-8-openjdk-amd64/jre/lib/jce.jar
7f4fb400c000-7f4fb402d000 rw-p 00000000 00:00 0 
7f4fb402d000-7f4fb402e000 ---p 00000000 00:00 0 
7f4fb402e000-7f4fb412e000 rw-p 00000000 00:00 0 
7f4fb412e000-7f4fb412f000 ---p 00000000 00:00 0 
7f4fb412f000-7f4fb422f000 rw-p 00000000 00:00 0 
7f4fb422f000-7f4fb4230000 ---p 00000000 00:00 0 
7f4fb4230000-7f4fb4330000 rw-p 00000000 00:00 0 
7f4fb4330000-7f4fb4331000 ---p 00000000 00:00 0 
7f4fb4331000-7f4fb4431000 rw-p 00000000 00:00 0 
7f4fb4431000-7f4fb4432000 ---p 00000000 00:00 0 
7f4fb4432000-7f4fb4532000 rw-p 00000000 00:00 0 
7f4fb4532000-7f4fb4533000 ---p 00000000 00:00 0 
7f4fb4533000-7f4fb4633000 rw-p 00000000 00:00 0 
7f4fb4633000-7f4fb4634000 ---p 00000000 00:00 0 
7f4fb4634000-7f4fb4734000 rw-p 00000000 00:00 0 
7f4fb4734000-7f4fb4735000 ---p 00000000 00:00 0 
7f4fb4735000-7f4fb4889000 rw-p 00000000 00:00 0 
7f4fb4889000-7f4fb4d66000 ---p 00000000 00:00 0 
7f4fb4d66000-7f4fb4d90000 rw-p 00000000 00:00 0 
7f4fb4d90000-7f4fb4fff000 ---p 00000000 00:00 0 
7f4fb4fff000-7f4fb5000000 rw-p 00000000 00:00 0 
7f4fb5000000-7f4fb5270000 rwxp 00000000 00:00 0 
7f4fb5270000-7f4fc4000000 ---p 00000000 00:00 0 
7f4fc4000000-7f4fc4328000 rw-p 00000000 00:00 0 
7f4fc4328000-7f4fc8000000 ---p 00000000 00:00 0 
7f4fc8001000-7f4fc8006000 r--s 000a0000 fd:01 106432784                  /usr/lib/jvm/java-8-openjdk-amd64/jre/lib/jsse.jar
7f4fc8006000-7f4fc8019000 r--s 00346000 fd:01 106432788                  /usr/lib/jvm/java-8-openjdk-amd64/jre/lib/resources.jar
7f4fc8019000-7f4fc80bb000 rw-p 00000000 00:00 0 
7f4fc80bb000-7f4fc8599000 ---p 00000000 00:00 0 
7f4fc8599000-7f4fc85a3000 rw-p 00000000 00:00 0 
7f4fc85a3000-7f4fc8959000 ---p 00000000 00:00 0 
7f4fc8959000-7f4fc8961000 r-xp 00000000 fd:01 106576103                  /usr/lib/jvm/java-8-openjdk-amd64/jre/lib/amd64/libzip.so
7f4fc8961000-7f4fc8b60000 ---p 00008000 fd:01 106576103                  /usr/lib/jvm/java-8-openjdk-amd64/jre/lib/amd64/libzip.so
7f4fc8b60000-7f4fc8b61000 r--p 00007000 fd:01 106576103                  /usr/lib/jvm/java-8-openjdk-amd64/jre/lib/amd64/libzip.so
7f4fc8b61000-7f4fc8b62000 rw-p 00008000 fd:01 106576103                  /usr/lib/jvm/java-8-openjdk-amd64/jre/lib/amd64/libzip.so
7f4fc8b62000-7f4fc8b6d000 r-xp 00000000 fd:01 36438202                   /lib/x86_64-linux-gnu/libnss_files-2.27.so
7f4fc8b6d000-7f4fc8d6c000 ---p 0000b000 fd:01 36438202                   /lib/x86_64-linux-gnu/libnss_files-2.27.so
7f4fc8d6c000-7f4fc8d6d000 r--p 0000a000 fd:01 36438202                   /lib/x86_64-linux-gnu/libnss_files-2.27.so
7f4fc8d6d000-7f4fc8d6e000 rw-p 0000b000 fd:01 36438202                   /lib/x86_64-linux-gnu/libnss_files-2.27.so
7f4fc8d6e000-7f4fc8d74000 rw-p 00000000 00:00 0 
7f4fc8d74000-7f4fc8d8b000 r-xp 00000000 fd:01 36438199                   /lib/x86_64-linux-gnu/libnsl-2.27.so
7f4fc8d8b000-7f4fc8f8a000 ---p 00017000 fd:01 36438199                   /lib/x86_64-linux-gnu/libnsl-2.27.so
7f4fc8f8a000-7f4fc8f8b000 r--p 00016000 fd:01 36438199                   /lib/x86_64-linux-gnu/libnsl-2.27.so
7f4fc8f8b000-7f4fc8f8c000 rw-p 00017000 fd:01 36438199                   /lib/x86_64-linux-gnu/libnsl-2.27.so
7f4fc8f8c000-7f4fc8f8e000 rw-p 00000000 00:00 0 
7f4fc8f8e000-7f4fc8f99000 r-xp 00000000 fd:01 36438204                   /lib/x86_64-linux-gnu/libnss_nis-2.27.so
7f4fc8f99000-7f4fc9198000 ---p 0000b000 fd:01 36438204                   /lib/x86_64-linux-gnu/libnss_nis-2.27.so
7f4fc9198000-7f4fc9199000 r--p 0000a000 fd:01 36438204                   /lib/x86_64-linux-gnu/libnss_nis-2.27.so
7f4fc9199000-7f4fc919a000 rw-p 0000b000 fd:01 36438204                   /lib/x86_64-linux-gnu/libnss_nis-2.27.so
7f4fc919a000-7f4fc91a2000 r-xp 00000000 fd:01 36438200                   /lib/x86_64-linux-gnu/libnss_compat-2.27.so
7f4fc91a2000-7f4fc93a2000 ---p 00008000 fd:01 36438200                   /lib/x86_64-linux-gnu/libnss_compat-2.27.so
7f4fc93a2000-7f4fc93a3000 r--p 00008000 fd:01 36438200                   /lib/x86_64-linux-gnu/libnss_compat-2.27.so
7f4fc93a3000-7f4fc93a4000 rw-p 00009000 fd:01 36438200                   /lib/x86_64-linux-gnu/libnss_compat-2.27.so
7f4fc93a4000-7f4fc93d2000 r-xp 00000000 fd:01 106576084                  /usr/lib/jvm/java-8-openjdk-amd64/jre/lib/amd64/libjava.so
7f4fc93d2000-7f4fc95d1000 ---p 0002e000 fd:01 106576084                  /usr/lib/jvm/java-8-openjdk-amd64/jre/lib/amd64/libjava.so
7f4fc95d1000-7f4fc95d2000 r--p 0002d000 fd:01 106576084                  /usr/lib/jvm/java-8-openjdk-amd64/jre/lib/amd64/libjava.so
7f4fc95d2000-7f4fc95d4000 rw-p 0002e000 fd:01 106576084                  /usr/lib/jvm/java-8-openjdk-amd64/jre/lib/amd64/libjava.so
7f4fc95d4000-7f4fc95e4000 r-xp 00000000 fd:01 106576102                  /usr/lib/jvm/java-8-openjdk-amd64/jre/lib/amd64/libverify.so
7f4fc95e4000-7f4fc97e3000 ---p 00010000 fd:01 106576102                  /usr/lib/jvm/java-8-openjdk-amd64/jre/lib/amd64/libverify.so
7f4fc97e3000-7f4fc97e5000 r--p 0000f000 fd:01 106576102                  /usr/lib/jvm/java-8-openjdk-amd64/jre/lib/amd64/libverify.so
7f4fc97e5000-7f4fc97e6000 rw-p 00011000 fd:01 106576102                  /usr/lib/jvm/java-8-openjdk-amd64/jre/lib/amd64/libverify.so
7f4fc97e6000-7f4fc97ed000 r-xp 00000000 fd:01 36438209                   /lib/x86_64-linux-gnu/librt-2.27.so
7f4fc97ed000-7f4fc99ec000 ---p 00007000 fd:01 36438209                   /lib/x86_64-linux-gnu/librt-2.27.so
7f4fc99ec000-7f4fc99ed000 r--p 00006000 fd:01 36438209                   /lib/x86_64-linux-gnu/librt-2.27.so
7f4fc99ed000-7f4fc99ee000 rw-p 00007000 fd:01 36438209                   /lib/x86_64-linux-gnu/librt-2.27.so
7f4fc99ee000-7f4fc9a05000 r-xp 00000000 fd:01 36438253                   /lib/x86_64-linux-gnu/libgcc_s.so.1
7f4fc9a05000-7f4fc9c04000 ---p 00017000 fd:01 36438253                   /lib/x86_64-linux-gnu/libgcc_s.so.1
7f4fc9c04000-7f4fc9c05000 r--p 00016000 fd:01 36438253                   /lib/x86_64-linux-gnu/libgcc_s.so.1
7f4fc9c05000-7f4fc9c06000 rw-p 00017000 fd:01 36438253                   /lib/x86_64-linux-gnu/libgcc_s.so.1
7f4fc9c06000-7f4fc9da3000 r-xp 00000000 fd:01 36438196                   /lib/x86_64-linux-gnu/libm-2.27.so
7f4fc9da3000-7f4fc9fa2000 ---p 0019d000 fd:01 36438196                   /lib/x86_64-linux-gnu/libm-2.27.so
7f4fc9fa2000-7f4fc9fa3000 r--p 0019c000 fd:01 36438196                   /lib/x86_64-linux-gnu/libm-2.27.so
7f4fc9fa3000-7f4fc9fa4000 rw-p 0019d000 fd:01 36438196                   /lib/x86_64-linux-gnu/libm-2.27.so
7f4fc9fa4000-7f4fca11d000 r-xp 00000000 fd:01 105384853                  /usr/lib/x86_64-linux-gnu/libstdc++.so.6.0.25
7f4fca11d000-7f4fca31d000 ---p 00179000 fd:01 105384853                  /usr/lib/x86_64-linux-gnu/libstdc++.so.6.0.25
7f4fca31d000-7f4fca327000 r--p 00179000 fd:01 105384853                  /usr/lib/x86_64-linux-gnu/libstdc++.so.6.0.25
7f4fca327000-7f4fca329000 rw-p 00183000 fd:01 105384853                  /usr/lib/x86_64-linux-gnu/libstdc++.so.6.0.25
7f4fca329000-7f4fca32d000 rw-p 00000000 00:00 0 
7f4fca32d000-7f4fcafc7000 r-xp 00000000 fd:01 106823706                  /usr/lib/jvm/java-8-openjdk-amd64/jre/lib/amd64/server/libjvm.so
7f4fcafc7000-7f4fcb1c6000 ---p 00c9a000 fd:01 106823706                  /usr/lib/jvm/java-8-openjdk-amd64/jre/lib/amd64/server/libjvm.so
7f4fcb1c6000-7f4fcb25a000 r--p 00c99000 fd:01 106823706                  /usr/lib/jvm/java-8-openjdk-amd64/jre/lib/amd64/server/libjvm.so
7f4fcb25a000-7f4fcb283000 rw-p 00d2d000 fd:01 106823706                  /usr/lib/jvm/java-8-openjdk-amd64/jre/lib/amd64/server/libjvm.so
7f4fcb283000-7f4fcb2b3000 rw-p 00000000 00:00 0 
7f4fcb2b3000-7f4fcb2cd000 r-xp 00000000 fd:01 36438207                   /lib/x86_64-linux-gnu/libpthread-2.27.so
7f4fcb2cd000-7f4fcb4cc000 ---p 0001a000 fd:01 36438207                   /lib/x86_64-linux-gnu/libpthread-2.27.so
7f4fcb4cc000-7f4fcb4cd000 r--p 00019000 fd:01 36438207                   /lib/x86_64-linux-gnu/libpthread-2.27.so
7f4fcb4cd000-7f4fcb4ce000 rw-p 0001a000 fd:01 36438207                   /lib/x86_64-linux-gnu/libpthread-2.27.so
7f4fcb4ce000-7f4fcb4d2000 rw-p 00000000 00:00 0 
7f4fcb4d2000-7f4fcb4d5000 r-xp 00000000 fd:01 36438195                   /lib/x86_64-linux-gnu/libdl-2.27.so
7f4fcb4d5000-7f4fcb6d4000 ---p 00003000 fd:01 36438195                   /lib/x86_64-linux-gnu/libdl-2.27.so
7f4fcb6d4000-7f4fcb6d5000 r--p 00002000 fd:01 36438195                   /lib/x86_64-linux-gnu/libdl-2.27.so
7f4fcb6d5000-7f4fcb6d6000 rw-p 00003000 fd:01 36438195                   /lib/x86_64-linux-gnu/libdl-2.27.so
7f4fcb6d6000-7f4fcb6f2000 r-xp 00000000 fd:01 36438237                   /lib/x86_64-linux-gnu/libz.so.1.2.11
7f4fcb6f2000-7f4fcb8f1000 ---p 0001c000 fd:01 36438237                   /lib/x86_64-linux-gnu/libz.so.1.2.11
7f4fcb8f1000-7f4fcb8f2000 r--p 0001b000 fd:01 36438237                   /lib/x86_64-linux-gnu/libz.so.1.2.11
7f4fcb8f2000-7f4fcb8f3000 rw-p 0001c000 fd:01 36438237                   /lib/x86_64-linux-gnu/libz.so.1.2.11
7f4fcb8f3000-7f4fcbada000 r-xp 00000000 fd:01 36438192                   /lib/x86_64-linux-gnu/libc-2.27.so
7f4fcbada000-7f4fcbcda000 ---p 001e7000 fd:01 36438192                   /lib/x86_64-linux-gnu/libc-2.27.so
7f4fcbcda000-7f4fcbcde000 r--p 001e7000 fd:01 36438192                   /lib/x86_64-linux-gnu/libc-2.27.so
7f4fcbcde000-7f4fcbce0000 rw-p 001eb000 fd:01 36438192                   /lib/x86_64-linux-gnu/libc-2.27.so
7f4fcbce0000-7f4fcbce4000 rw-p 00000000 00:00 0 
7f4fcbce4000-7f4fcbcf2000 r-xp 00000000 fd:01 106692615                  /usr/lib/jvm/java-8-openjdk-amd64/jre/lib/amd64/jli/libjli.so
7f4fcbcf2000-7f4fcbef1000 ---p 0000e000 fd:01 106692615                  /usr/lib/jvm/java-8-openjdk-amd64/jre/lib/amd64/jli/libjli.so
7f4fcbef1000-7f4fcbef2000 r--p 0000d000 fd:01 106692615                  /usr/lib/jvm/java-8-openjdk-amd64/jre/lib/amd64/jli/libjli.so
7f4fcbef2000-7f4fcbef3000 rw-p 0000e000 fd:01 106692615                  /usr/lib/jvm/java-8-openjdk-amd64/jre/lib/amd64/jli/libjli.so
7f4fcbef3000-7f4fcbf1a000 r-xp 00000000 fd:01 36438097                   /lib/x86_64-linux-gnu/ld-2.27.so
7f4fcbf1b000-7f4fcbf1d000 r--s 00001000 fd:01 107352522                  /usr/lib/jvm/java-8-openjdk-amd64/jre/lib/ext/dnsns.jar
7f4fcbf1d000-7f4fcbf23000 r--s 0003b000 fd:01 107361075                  /usr/lib/jvm/java-8-openjdk-amd64/jre/lib/ext/sunjce_provider.jar
7f4fcbf23000-7f4fcbff4000 rw-p 00000000 00:00 0 
7f4fcbff4000-7f4fcbff5000 ---p 00000000 00:00 0 
7f4fcbff5000-7f4fcbff8000 ---p 00000000 00:00 0 
7f4fcbff8000-7f4fcc0f7000 rw-p 00000000 00:00 0 
7f4fcc0f8000-7f4fcc0fa000 r--s 00008000 fd:01 107353344                  /usr/lib/jvm/java-8-openjdk-amd64/jre/lib/ext/sunec.jar
7f4fcc0fa000-7f4fcc0fd000 r--s 00038000 fd:01 107361076                  /usr/lib/jvm/java-8-openjdk-amd64/jre/lib/ext/sunpkcs11.jar
7f4fcc0fd000-7f4fcc107000 r--s 00116000 fd:01 107353342                  /usr/lib/jvm/java-8-openjdk-amd64/jre/lib/ext/localedata.jar
7f4fcc107000-7f4fcc10a000 r--s 0000f000 fd:01 107353339                  /usr/lib/jvm/java-8-openjdk-amd64/jre/lib/ext/icedtea-sound.jar
7f4fcc10a000-7f4fcc10b000 r--s 00010000 fd:01 107361581                  /usr/lib/jvm/java-8-openjdk-amd64/jre/lib/ext/zipfs.jar
7f4fcc10b000-7f4fcc10c000 r--s 0000a000 fd:01 107353341                  /usr/lib/jvm/java-8-openjdk-amd64/jre/lib/ext/jaccess.jar
7f4fcc10c000-7f4fcc10e000 r--s 00007000 fd:01 105908556                  /usr/share/java/java-atk-wrapper.jar
7f4fcc10e000-7f4fcc116000 rw-s 00000000 fd:01 103023419                  /tmp/hsperfdata_order/25091
7f4fcc116000-7f4fcc117000 rw-p 00000000 00:00 0 
7f4fcc117000-7f4fcc118000 r--p 00000000 00:00 0 
7f4fcc118000-7f4fcc11a000 rw-p 00000000 00:00 0 
7f4fcc11a000-7f4fcc11b000 r--p 00027000 fd:01 36438097                   /lib/x86_64-linux-gnu/ld-2.27.so
7f4fcc11b000-7f4fcc11c000 rw-p 00028000 fd:01 36438097                   /lib/x86_64-linux-gnu/ld-2.27.so
7f4fcc11c000-7f4fcc11d000 rw-p 00000000 00:00 0 
7ffc8eb80000-7ffc8eba1000 rw-p 00000000 00:00 0                          [stack]
7ffc8ebf6000-7ffc8ebf9000 r--p 00000000 00:00 0                          [vvar]
7ffc8ebf9000-7ffc8ebfb000 r-xp 00000000 00:00 0                          [vdso]
ffffffffff600000-ffffffffff601000 r-xp 00000000 00:00 0                  [vsyscall]

VM Arguments:
jvm_args: -Dfile.encoding=UTF-8 
java_command: com.twoswap.mandelbrot.GUI
java_class_path (initial): /usr/lib/jvm/java-8-openjdk-amd64/jre/lib/resources.jar:/usr/lib/jvm/java-8-openjdk-amd64/jre/lib/rt.jar:/usr/lib/jvm/java-8-openjdk-amd64/jre/lib/jsse.jar:/usr/lib/jvm/java-8-openjdk-amd64/jre/lib/jce.jar:/usr/lib/jvm/java-8-openjdk-amd64/jre/lib/charsets.jar:/usr/share/java/java-atk-wrapper.jar:/usr/lib/jvm/java-8-openjdk-amd64/jre/lib/ext/jaccess.jar:/usr/lib/jvm/java-8-openjdk-amd64/jre/lib/ext/cldrdata.jar:/usr/lib/jvm/java-8-openjdk-amd64/jre/lib/ext/nashorn.jar:/usr/lib/jvm/java-8-openjdk-amd64/jre/lib/ext/zipfs.jar:/usr/lib/jvm/java-8-openjdk-amd64/jre/lib/ext/icedtea-sound.jar:/usr/lib/jvm/java-8-openjdk-amd64/jre/lib/ext/localedata.jar:/usr/lib/jvm/java-8-openjdk-amd64/jre/lib/ext/sunpkcs11.jar:/usr/lib/jvm/java-8-openjdk-amd64/jre/lib/ext/sunjce_provider.jar:/usr/lib/jvm/java-8-openjdk-amd64/jre/lib/ext/sunec.jar:/usr/lib/jvm/java-8-openjdk-amd64/jre/lib/ext/dnsns.jar:/home/order/Hobby CS/Java/FractalDive/bin:/home/order/Hobby CS/Java/FractalDive/jafama.jar
Launcher Type: SUN_STANDARD

Environment Variables:
PATH=/home/order/bin:/home/order/.local/bin:/usr/local/sbin:/usr/local/bin:/usr/sbin:/usr/bin:/sbin:/bin:/usr/games:/usr/local/games:/snap/bin
USERNAME=order
SHELL=/bin/bash
DISPLAY=:1

Signal Handlers:
SIGSEGV: [libjvm.so+0xab2ea0], sa_mask[0]=11111111011111111101111111111110, sa_flags=SA_RESTART|SA_SIGINFO
SIGBUS: [libjvm.so+0xab2ea0], sa_mask[0]=11111111011111111101111111111110, sa_flags=SA_RESTART|SA_SIGINFO
SIGFPE: [libjvm.so+0x8e87b0], sa_mask[0]=11111111011111111101111111111110, sa_flags=SA_RESTART|SA_SIGINFO
SIGPIPE: [libjvm.so+0x8e87b0], sa_mask[0]=11111111011111111101111111111110, sa_flags=SA_RESTART|SA_SIGINFO
SIGXFSZ: [libjvm.so+0x8e87b0], sa_mask[0]=11111111011111111101111111111110, sa_flags=SA_RESTART|SA_SIGINFO
SIGILL: [libjvm.so+0x8e87b0], sa_mask[0]=11111111011111111101111111111110, sa_flags=SA_RESTART|SA_SIGINFO
SIGUSR1: SIG_DFL, sa_mask[0]=00000000000000000000000000000000, sa_flags=none
SIGUSR2: [libjvm.so+0x8e8660], sa_mask[0]=00100000000000000000000000000000, sa_flags=SA_RESTART|SA_SIGINFO
SIGHUP: [libjvm.so+0x8e8cd0], sa_mask[0]=11111111011111111101111111111110, sa_flags=SA_RESTART|SA_SIGINFO
SIGINT: [libjvm.so+0x8e8cd0], sa_mask[0]=11111111011111111101111111111110, sa_flags=SA_RESTART|SA_SIGINFO
SIGTERM: [libjvm.so+0x8e8cd0], sa_mask[0]=11111111011111111101111111111110, sa_flags=SA_RESTART|SA_SIGINFO
SIGQUIT: [libjvm.so+0x8e8cd0], sa_mask[0]=11111111011111111101111111111110, sa_flags=SA_RESTART|SA_SIGINFO


---------------  S Y S T E M  ---------------

OS:DISTRIB_ID=Ubuntu
DISTRIB_RELEASE=18.04
DISTRIB_CODENAME=bionic
DISTRIB_DESCRIPTION="Ubuntu 18.04.2 LTS"

uname:Linux 4.15.0-46-generic #49-Ubuntu SMP Wed Feb 6 09:33:07 UTC 2019 x86_64
libc:glibc 2.27 NPTL 2.27 
rlimit: STACK 8192k, CORE 0k, NPROC 63238, NOFILE 1048576, AS infinity
load average:0.50 0.56 0.45

/proc/meminfo:
MemTotal:       16330492 kB
MemFree:         2304864 kB
MemAvailable:    8823188 kB
Buffers:          722448 kB
Cached:          5886648 kB
SwapCached:            0 kB
Active:          9717660 kB
Inactive:        3396192 kB
Active(anon):    6507364 kB
Inactive(anon):   201588 kB
Active(file):    3210296 kB
Inactive(file):  3194604 kB
Unevictable:          48 kB
Mlocked:              48 kB
SwapTotal:      16683004 kB
SwapFree:       16683004 kB
Dirty:              3756 kB
Writeback:             0 kB
AnonPages:       6505028 kB
Mapped:          1173712 kB
Shmem:            204876 kB
Slab:             554260 kB
SReclaimable:     449460 kB
SUnreclaim:       104800 kB
KernelStack:       19760 kB
PageTables:        92108 kB
NFS_Unstable:          0 kB
Bounce:                0 kB
WritebackTmp:          0 kB
CommitLimit:    24848248 kB
Committed_AS:   14345620 kB
VmallocTotal:   34359738367 kB
VmallocUsed:           0 kB
VmallocChunk:          0 kB
HardwareCorrupted:     0 kB
AnonHugePages:         0 kB
ShmemHugePages:        0 kB
ShmemPmdMapped:        0 kB
CmaTotal:              0 kB
CmaFree:               0 kB
HugePages_Total:       0
HugePages_Free:        0
HugePages_Rsvd:        0
HugePages_Surp:        0
Hugepagesize:       2048 kB
DirectMap4k:      646684 kB
DirectMap2M:    13938688 kB
DirectMap1G:     3145728 kB

container (cgroup) information:
container_type: cgroupv1
cpu_cpuset_cpus: 0-7
cpu_memory_nodes: 0
active_processor_count: 8
cpu_quota: -1
cpu_period: 100000
cpu_shares: -1
memory_limit_in_bytes: -1
memory_and_swap_limit_in_bytes: -2
memory_soft_limit_in_bytes: -1
memory_usage_in_bytes: 13429084160
memory_max_usage_in_bytes: 0


CPU:total 8 (initial active 8) (4 cores per cpu, 2 threads per core) family 6 model 60 stepping 3, cmov, cx8, fxsr, mmx, sse, sse2, sse3, ssse3, sse4.1, sse4.2, popcnt, avx, avx2, aes, clmul, erms, lzcnt, ht, tsc, tscinvbit, bmi1, bmi2

/proc/cpuinfo:
processor	: 0
vendor_id	: GenuineIntel
cpu family	: 6
model		: 60
model name	: Intel(R) Core(TM) i7-4770 CPU @ 3.40GHz
stepping	: 3
microcode	: 0x25
cpu MHz		: 3665.493
cache size	: 8192 KB
physical id	: 0
siblings	: 8
core id		: 0
cpu cores	: 4
apicid		: 0
initial apicid	: 0
fpu		: yes
fpu_exception	: yes
cpuid level	: 13
wp		: yes
flags		: fpu vme de pse tsc msr pae mce cx8 apic sep mtrr pge mca cmov pat pse36 clflush dts acpi mmx fxsr sse sse2 ss ht tm pbe syscall nx pdpe1gb rdtscp lm constant_tsc arch_perfmon pebs bts rep_good nopl xtopology nonstop_tsc cpuid aperfmperf pni pclmulqdq dtes64 monitor ds_cpl vmx smx est tm2 ssse3 sdbg fma cx16 xtpr pdcm pcid sse4_1 sse4_2 x2apic movbe popcnt tsc_deadline_timer aes xsave avx f16c rdrand lahf_lm abm cpuid_fault epb invpcid_single pti ssbd ibrs ibpb stibp tpr_shadow vnmi flexpriority ept vpid fsgsbase tsc_adjust bmi1 avx2 smep bmi2 erms invpcid xsaveopt dtherm ida arat pln pts flush_l1d
bugs		: cpu_meltdown spectre_v1 spectre_v2 spec_store_bypass l1tf
bogomips	: 6784.89
clflush size	: 64
cache_alignment	: 64
address sizes	: 39 bits physical, 48 bits virtual
power management:

processor	: 1
vendor_id	: GenuineIntel
cpu family	: 6
model		: 60
model name	: Intel(R) Core(TM) i7-4770 CPU @ 3.40GHz
stepping	: 3
microcode	: 0x25
cpu MHz		: 3336.463
cache size	: 8192 KB
physical id	: 0
siblings	: 8
core id		: 1
cpu cores	: 4
apicid		: 2
initial apicid	: 2
fpu		: yes
fpu_exception	: yes
cpuid level	: 13
wp		: yes
flags		: fpu vme de pse tsc msr pae mce cx8 apic sep mtrr pge mca cmov pat pse36 clflush dts acpi mmx fxsr sse sse2 ss ht tm pbe syscall nx pdpe1gb rdtscp lm constant_tsc arch_perfmon pebs bts rep_good nopl xtopology nonstop_tsc cpuid aperfmperf pni pclmulqdq dtes64 monitor ds_cpl vmx smx est tm2 ssse3 sdbg fma cx16 xtpr pdcm pcid sse4_1 sse4_2 x2apic movbe popcnt tsc_deadline_timer aes xsave avx f16c rdrand lahf_lm abm cpuid_fault epb invpcid_single pti ssbd ibrs ibpb stibp tpr_shadow vnmi flexpriority ept vpid fsgsbase tsc_adjust bmi1 avx2 smep bmi2 erms invpcid xsaveopt dtherm ida arat pln pts flush_l1d
bugs		: cpu_meltdown spectre_v1 spectre_v2 spec_store_bypass l1tf
bogomips	: 6784.89
clflush size	: 64
cache_alignment	: 64
address sizes	: 39 bits physical, 48 bits virtual
power management:

processor	: 2
vendor_id	: GenuineIntel
cpu family	: 6
model		: 60
model name	: Intel(R) Core(TM) i7-4770 CPU @ 3.40GHz
stepping	: 3
microcode	: 0x25
cpu MHz		: 3623.142
cache size	: 8192 KB
physical id	: 0
siblings	: 8
core id		: 2
cpu cores	: 4
apicid		: 4
initial apicid	: 4
fpu		: yes
fpu_exception	: yes
cpuid level	: 13
wp		: yes
flags		: fpu vme de pse tsc msr pae mce cx8 apic sep mtrr pge mca cmov pat pse36 clflush dts acpi mmx fxsr sse sse2 ss ht tm pbe syscall nx pdpe1gb rdtscp lm constant_tsc arch_perfmon pebs bts rep_good nopl xtopology nonstop_tsc cpuid aperfmperf pni pclmulqdq dtes64 monitor ds_cpl vmx smx est tm2 ssse3 sdbg fma cx16 xtpr pdcm pcid sse4_1 sse4_2 x2apic movbe popcnt tsc_deadline_timer aes xsave avx f16c rdrand lahf_lm abm cpuid_fault epb invpcid_single pti ssbd ibrs ibpb stibp tpr_shadow vnmi flexpriority ept vpid fsgsbase tsc_adjust bmi1 avx2 smep bmi2 erms invpcid xsaveopt dtherm ida arat pln pts flush_l1d
bugs		: cpu_meltdown spectre_v1 spectre_v2 spec_store_bypass l1tf
bogomips	: 6784.89
clflush size	: 64
cache_alignment	: 64
address sizes	: 39 bits physical, 48 bits virtual
power management:

processor	: 3
vendor_id	: GenuineIntel
cpu family	: 6
model		: 60
model name	: Intel(R) Core(TM) i7-4770 CPU @ 3.40GHz
stepping	: 3
microcode	: 0x25
cpu MHz		: 3382.991
cache size	: 8192 KB
physical id	: 0
siblings	: 8
core id		: 3
cpu cores	: 4
apicid		: 6
initial apicid	: 6
fpu		: yes
fpu_exception	: yes
cpuid level	: 13
wp		: yes
flags		: fpu vme de pse tsc msr pae mce cx8 apic sep mtrr pge mca cmov pat pse36 clflush dts acpi mmx fxsr sse sse2 ss ht tm pbe syscall nx pdpe1gb rdtscp lm constant_tsc arch_perfmon pebs bts rep_good nopl xtopology nonstop_tsc cpuid aperfmperf pni pclmulqdq dtes64 monitor ds_cpl vmx smx est tm2 ssse3 sdbg fma cx16 xtpr pdcm pcid sse4_1 sse4_2 x2apic movbe popcnt tsc_deadline_timer aes xsave avx f16c rdrand lahf_lm abm cpuid_fault epb invpcid_single pti ssbd ibrs ibpb stibp tpr_shadow vnmi flexpriority ept vpid fsgsbase tsc_adjust bmi1 avx2 smep bmi2 erms invpcid xsaveopt dtherm ida arat pln pts flush_l1d
bugs		: cpu_meltdown spectre_v1 spectre_v2 spec_store_bypass l1tf
bogomips	: 6784.89
clflush size	: 64
cache_alignment	: 64
address sizes	: 39 bits physical, 48 bits virtual
power management:

processor	: 4
vendor_id	: GenuineIntel
cpu family	: 6
model		: 60
model name	: Intel(R) Core(TM) i7-4770 CPU @ 3.40GHz
stepping	: 3
microcode	: 0x25
cpu MHz		: 3529.796
cache size	: 8192 KB
physical id	: 0
siblings	: 8
core id		: 0
cpu cores	: 4
apicid		: 1
initial apicid	: 1
fpu		: yes
fpu_exception	: yes
cpuid level	: 13
wp		: yes
flags		: fpu vme de pse tsc msr pae mce cx8 apic sep mtrr pge mca cmov pat pse36 clflush dts acpi mmx fxsr sse sse2 ss ht tm pbe syscall nx pdpe1gb rdtscp lm constant_tsc arch_perfmon pebs bts rep_good nopl xtopology nonstop_tsc cpuid aperfmperf pni pclmulqdq dtes64 monitor ds_cpl vmx smx est tm2 ssse3 sdbg fma cx16 xtpr pdcm pcid sse4_1 sse4_2 x2apic movbe popcnt tsc_deadline_timer aes xsave avx f16c rdrand lahf_lm abm cpuid_fault epb invpcid_single pti ssbd ibrs ibpb stibp tpr_shadow vnmi flexpriority ept vpid fsgsbase tsc_adjust bmi1 avx2 smep bmi2 erms invpcid xsaveopt dtherm ida arat pln pts flush_l1d
bugs		: cpu_meltdown spectre_v1 spectre_v2 spec_store_bypass l1tf
bogomips	: 6784.89
clflush size	: 64
cache_alignment	: 64
address sizes	: 39 bits physical, 48 bits virtual
power management:

processor	: 5
vendor_id	: GenuineIntel
cpu family	: 6
model		: 60
model name	: Intel(R) Core(TM) i7-4770 CPU @ 3.40GHz
stepping	: 3
microcode	: 0x25
cpu MHz		: 3617.464
cache size	: 8192 KB
physical id	: 0
siblings	: 8
core id		: 1
cpu cores	: 4
apicid		: 3
initial apicid	: 3
fpu		: yes
fpu_exception	: yes
cpuid level	: 13
wp		: yes
flags		: fpu vme de pse tsc msr pae mce cx8 apic sep mtrr pge mca cmov pat pse36 clflush dts acpi mmx fxsr sse sse2 ss ht tm pbe syscall nx pdpe1gb rdtscp lm constant_tsc arch_perfmon pebs bts rep_good nopl xtopology nonstop_tsc cpuid aperfmperf pni pclmulqdq dtes64 monitor ds_cpl vmx smx est tm2 ssse3 sdbg fma cx16 xtpr pdcm pcid sse4_1 sse4_2 x2apic movbe popcnt tsc_deadline_timer aes xsave avx f16c rdrand lahf_lm abm cpuid_fault epb invpcid_single pti ssbd ibrs ibpb stibp tpr_shadow vnmi flexpriority ept vpid fsgsbase tsc_adjust bmi1 avx2 smep bmi2 erms invpcid xsaveopt dtherm ida arat pln pts flush_l1d
bugs		: cpu_meltdown spectre_v1 spectre_v2 spec_store_bypass l1tf
bogomips	: 6784.89
clflush size	: 64
cache_alignment	: 64
address sizes	: 39 bits physical, 48 bits virtual
power management:

processor	: 6
vendor_id	: GenuineIntel
cpu family	: 6
model		: 60
model name	: Intel(R) Core(TM) i7-4770 CPU @ 3.40GHz
stepping	: 3
microcode	: 0x25
cpu MHz		: 3244.194
cache size	: 8192 KB
physical id	: 0
siblings	: 8
core id		: 2
cpu cores	: 4
apicid		: 5
initial apicid	: 5
fpu		: yes
fpu_exception	: yes
cpuid level	: 13
wp		: yes
flags		: fpu vme de pse tsc msr pae mce cx8 apic sep mtrr pge mca cmov pat pse36 clflush dts acpi mmx fxsr sse sse2 ss ht tm pbe syscall nx pdpe1gb rdtscp lm constant_tsc arch_perfmon pebs bts rep_good nopl xtopology nonstop_tsc cpuid aperfmperf pni pclmulqdq dtes64 monitor ds_cpl vmx smx est tm2 ssse3 sdbg fma cx16 xtpr pdcm pcid sse4_1 sse4_2 x2apic movbe popcnt tsc_deadline_timer aes xsave avx f16c rdrand lahf_lm abm cpuid_fault epb invpcid_single pti ssbd ibrs ibpb stibp tpr_shadow vnmi flexpriority ept vpid fsgsbase tsc_adjust bmi1 avx2 smep bmi2 erms invpcid xsaveopt dtherm ida arat pln pts flush_l1d
bugs		: cpu_meltdown spectre_v1 spectre_v2 spec_store_bypass l1tf
bogomips	: 6784.89
clflush size	: 64
cache_alignment	: 64
address sizes	: 39 bits physical, 48 bits virtual
power management:

processor	: 7
vendor_id	: GenuineIntel
cpu family	: 6
model		: 60
model name	: Intel(R) Core(TM) i7-4770 CPU @ 3.40GHz
stepping	: 3
microcode	: 0x25
cpu MHz		: 3499.332
cache size	: 8192 KB
physical id	: 0
siblings	: 8
core id		: 3
cpu cores	: 4
apicid		: 7
initial apicid	: 7
fpu		: yes
fpu_exception	: yes
cpuid level	: 13
wp		: yes
flags		: fpu vme de pse tsc msr pae mce cx8 apic sep mtrr pge mca cmov pat pse36 clflush dts acpi mmx fxsr sse sse2 ss ht tm pbe syscall nx pdpe1gb rdtscp lm constant_tsc arch_perfmon pebs bts rep_good nopl xtopology nonstop_tsc cpuid aperfmperf pni pclmulqdq dtes64 monitor ds_cpl vmx smx est tm2 ssse3 sdbg fma cx16 xtpr pdcm pcid sse4_1 sse4_2 x2apic movbe popcnt tsc_deadline_timer aes xsave avx f16c rdrand lahf_lm abm cpuid_fault epb invpcid_single pti ssbd ibrs ibpb stibp tpr_shadow vnmi flexpriority ept vpid fsgsbase tsc_adjust bmi1 avx2 smep bmi2 erms invpcid xsaveopt dtherm ida arat pln pts flush_l1d
bugs		: cpu_meltdown spectre_v1 spectre_v2 spec_store_bypass l1tf
bogomips	: 6784.89
clflush size	: 64
cache_alignment	: 64
address sizes	: 39 bits physical, 48 bits virtual
power management:



Memory: 4k page, physical 16330492k(2304864k free), swap 16683004k(16683004k free)

vm_info: OpenJDK 64-Bit Server VM (25.191-b12) for linux-amd64 JRE (1.8.0_191-8u191-b12-2ubuntu0.18.04.1-b12), built on Jan 14 2019 21:02:00 by "buildd" with gcc 7.3.0

time: Mon Apr  1 22:14:58 2019
elapsed time: 0 seconds (0d 0h 0m 0s)

