#
# A fatal error has been detected by the Java Runtime Environment:
#
#  SIGSEGV (0xb) at pc=0x00007f3c1f99d633, pid=28679, tid=0x00007f3c557f4700
#
# JRE version: OpenJDK Runtime Environment (8.0_191-b12) (build 1.8.0_191-8u191-b12-2ubuntu0.18.04.1-b12)
# Java VM: OpenJDK 64-Bit Server VM (25.191-b12 mixed mode linux-amd64 compressed oops)
# Problematic frame:
# C  [libatk-bridge-2.0.so.0+0xd633]  spi_register_object_to_path+0x13
#
# Failed to write core dump. Core dumps have been disabled. To enable core dumping, try "ulimit -c unlimited" before starting Java again
#
# If you would like to submit a bug report, please visit:
#   http://bugreport.java.com/bugreport/crash.jsp
# The crash happened outside the Java Virtual Machine in native code.
# See problematic frame for where to report the bug.
#

---------------  T H R E A D  ---------------

Current thread (0x00007f3c4c00b800):  JavaThread "main" [_thread_in_native, id=28693, stack(0x00007f3c556f5000,0x00007f3c557f5000)]

siginfo: si_signo: 11 (SIGSEGV), si_code: 1 (SEGV_MAPERR), si_addr: 0x0000000000000018

Registers:
RAX=0x0000000000000000, RBX=0x00007f3c4c333000, RCX=0x0000000000000000, RDX=0x0000000000000002
RSP=0x00007f3c557f3318, RBP=0x00007f3c557f33c0, RSI=0x00007f3c4c333000, RDI=0x00007f3c4c300c60
R8 =0x00007f3c4c2f9ce8, R9 =0x0000000000000000, R10=0x0000000000000008, R11=0x0000000000000050
R12=0x00007f3c557f33c0, R13=0x00007f3c4c333000, R14=0x00007f3c1fbbfff0, R15=0x00007f3c4c00b800
RIP=0x00007f3c1f99d633, EFLAGS=0x0000000000010206, CSGSFS=0x002b000000000033, ERR=0x0000000000000004
  TRAPNO=0x000000000000000e

Top of Stack: (sp=0x00007f3c557f3318)
0x00007f3c557f3318:   00007f3c1f9a00b0 00007f3bd000b290
0x00007f3c557f3328:   44cccdac9f839600 00007f3c1f9b61be
0x00007f3c557f3338:   00007f3c1f1f4c67 00007f3c4c339c80
0x00007f3c557f3348:   00007f3c1f9b61be 00007f3c1f9b61a6
0x00007f3c557f3358:   44cccdac9f839600 00007f3c4c339c80
0x00007f3c557f3368:   00007f3c557f33c0 00007f3c557f33c0
0x00007f3c557f3378:   44cccdac9f839600 00007f3c4c334ee0
0x00007f3c557f3388:   00007f3c4c334ee0 00007f3c4c339c80
0x00007f3c557f3398:   00007f3c1f99e3fd 00007f3bd0009718
0x00007f3c557f33a8:   00007f3bd00096a0 00007f3c557f33c0
0x00007f3c557f33b8:   00007f3c1f1e9031 00007f3c4c339c80
0x00007f3c557f33c8:   44cccdac00e00000 00007f3bd002006c
0x00007f3c557f33d8:   0000000000000000 00007f3c00000000
0x00007f3c557f33e8:   00007f3c4c339cd0 0000000000000000
0x00007f3c557f33f8:   000000011f1e8c31 00007f3c4c335ed0
0x00007f3c557f3408:   44cccdac9f839600 00007f3c4c334ee0
0x00007f3c557f3418:   00007f3c1fbbfff8 00007f3c557f3440
0x00007f3c557f3428:   00007f3c1f99f14e 0000000000000000
0x00007f3c557f3438:   0000000000000000 0000000000000000
0x00007f3c557f3448:   0000000000000000 0000000000000001
0x00007f3c557f3458:   0000000000000000 0000000000000000
0x00007f3c557f3468:   44cccdac9f839600 0000000000000000
0x00007f3c557f3478:   00007f3c557f3500 0000000000000000
0x00007f3c557f3488:   00007f3c3c5914c0 00007f3c557f3518
0x00007f3c557f3498:   00007f3c1fdecc3c 00007f3c3c5914c0
0x00007f3c557f34a8:   00007f3c1fdecd32 00007f3c3c5914c0
0x00007f3c557f34b8:   00007f3c3d018407 00007f3c557f34c0
0x00007f3c557f34c8:   00007f3c3c5914c0 00007f3c557f3518
0x00007f3c557f34d8:   00007f3c3c593a58 0000000000000000
0x00007f3c557f34e8:   00007f3c3c5914c0 0000000000000000
0x00007f3c557f34f8:   00007f3c557f3520 00007f3c557f3560
0x00007f3c557f3508:   00007f3c3d007ffd 000000076d2b1520 

Instructions: (pc=0x00007f3c1f99d633)
0x00007f3c1f99d613:   1f 40 00 66 2e 0f 1f 84 00 00 00 00 00 48 85 f6
0x00007f3c1f99d623:   0f 84 2f 01 00 00 48 8b 05 80 19 22 00 48 8b 00
0x00007f3c1f99d633:   48 39 70 18 0f 84 f3 00 00 00 41 54 55 48 89 fd
0x00007f3c1f99d643:   53 48 89 f3 48 8d 35 d8 31 01 00 48 89 df e8 8a 

Register to memory mapping:

RAX=0x0000000000000000 is an unknown value
RBX=0x00007f3c4c333000 is an unknown value
RCX=0x0000000000000000 is an unknown value
RDX=0x0000000000000002 is an unknown value
RSP=0x00007f3c557f3318 is pointing into the stack for thread: 0x00007f3c4c00b800
RBP=0x00007f3c557f33c0 is pointing into the stack for thread: 0x00007f3c4c00b800
RSI=0x00007f3c4c333000 is an unknown value
RDI=0x00007f3c4c300c60 is an unknown value
R8 =0x00007f3c4c2f9ce8 is an unknown value
R9 =0x0000000000000000 is an unknown value
R10=0x0000000000000008 is an unknown value
R11=0x0000000000000050 is an unknown value
R12=0x00007f3c557f33c0 is pointing into the stack for thread: 0x00007f3c4c00b800
R13=0x00007f3c4c333000 is an unknown value
R14=0x00007f3c1fbbfff0: atspi_dbus_name+0 in /usr/lib/x86_64-linux-gnu/libatk-bridge-2.0.so.0 at 0x00007f3c1f990000
R15=0x00007f3c4c00b800 is a thread


Stack: [0x00007f3c556f5000,0x00007f3c557f5000],  sp=0x00007f3c557f3318,  free space=1016k
Native frames: (J=compiled Java code, j=interpreted, Vv=VM code, C=native code)
C  [libatk-bridge-2.0.so.0+0xd633]  spi_register_object_to_path+0x13
C  0x44cccdac00e00000

Java frames: (J=compiled Java code, j=interpreted, Vv=VM code)
j  org.GNOME.Accessibility.AtkWrapper.loadAtkBridge()V+0
j  org.GNOME.Accessibility.AtkWrapper$4.eventDispatched(Ljava/awt/AWTEvent;)V+18
j  java.awt.Toolkit$SelectiveAWTEventListener.eventDispatched(Ljava/awt/AWTEvent;)V+733
j  java.awt.Toolkit.notifyAWTEventListeners(Ljava/awt/AWTEvent;)V+30
j  java.awt.Component.dispatchEventImpl(Ljava/awt/AWTEvent;)V+257
j  java.awt.Container.dispatchEventImpl(Ljava/awt/AWTEvent;)V+42
j  java.awt.Component.dispatchEvent(Ljava/awt/AWTEvent;)V+2
j  java.awt.Container.addImpl(Ljava/awt/Component;Ljava/lang/Object;I)V+304
j  java.awt.Container.add(Ljava/awt/Component;)Ljava/awt/Component;+4
j  com.twoswap.mandelbrot.GUI.<init>()V+169
j  com.twoswap.mandelbrot.GUI.main([Ljava/lang/String;)V+3
v  ~StubRoutines::call_stub

---------------  P R O C E S S  ---------------

Java Threads: ( => current thread )
  0x00007f3c4c331000 JavaThread "AWT-EventQueue-1" [_thread_in_Java, id=28717, stack(0x00007f3c1db2d000,0x00007f3c1dc2e000)]
  0x00007f3c4c328800 JavaThread "AWT-Shutdown" [_thread_blocked, id=28716, stack(0x00007f3c1dc2e000,0x00007f3c1dd2f000)]
  0x00007f3c4c2e4800 JavaThread "process reaper" daemon [_thread_blocked, id=28715, stack(0x00007f3c2c023000,0x00007f3c2c05c000)]
  0x00007f3c4c2ce800 JavaThread "AWT-XAWT" daemon [_thread_in_native, id=28713, stack(0x00007f3c27508000,0x00007f3c27609000)]
  0x00007f3c4c2a8000 JavaThread "Java2D Disposer" daemon [_thread_blocked, id=28712, stack(0x00007f3c27a19000,0x00007f3c27b1a000)]
  0x00007f3c4c0d4000 JavaThread "Service Thread" daemon [_thread_blocked, id=28710, stack(0x00007f3c2dce1000,0x00007f3c2dde2000)]
  0x00007f3c4c0c8800 JavaThread "C1 CompilerThread3" daemon [_thread_blocked, id=28709, stack(0x00007f3c2dde3000,0x00007f3c2dee3000)]
  0x00007f3c4c0c6800 JavaThread "C2 CompilerThread2" daemon [_thread_blocked, id=28708, stack(0x00007f3c2dee4000,0x00007f3c2dfe4000)]
  0x00007f3c4c0c5000 JavaThread "C2 CompilerThread1" daemon [_thread_blocked, id=28707, stack(0x00007f3c2dfe5000,0x00007f3c2e0e5000)]
  0x00007f3c4c0c2000 JavaThread "C2 CompilerThread0" daemon [_thread_blocked, id=28706, stack(0x00007f3c2e0e6000,0x00007f3c2e1e6000)]
  0x00007f3c4c0c0800 JavaThread "Signal Dispatcher" daemon [_thread_blocked, id=28705, stack(0x00007f3c2e1e6000,0x00007f3c2e2e7000)]
  0x00007f3c4c08e000 JavaThread "Finalizer" daemon [_thread_blocked, id=28704, stack(0x00007f3c2e5c5000,0x00007f3c2e6c6000)]
  0x00007f3c4c08b800 JavaThread "Reference Handler" daemon [_thread_blocked, id=28703, stack(0x00007f3c2e6c6000,0x00007f3c2e7c7000)]
=>0x00007f3c4c00b800 JavaThread "main" [_thread_in_native, id=28693, stack(0x00007f3c556f5000,0x00007f3c557f5000)]

Other Threads:
  0x00007f3c4c081800 VMThread [stack: 0x00007f3c2e7c8000,0x00007f3c2e8c8000] [id=28702]
  0x00007f3c4c0d6800 WatcherThread [stack: 0x00007f3c2dbe1000,0x00007f3c2dce1000] [id=28711]

VM state:not at safepoint (normal execution)

VM Mutex/Monitor currently owned by a thread: None

Heap:
 PSYoungGen      total 74752K, used 9033K [0x000000076cf00000, 0x0000000772200000, 0x00000007c0000000)
  eden space 64512K, 14% used [0x000000076cf00000,0x000000076d7d2518,0x0000000770e00000)
  from space 10240K, 0% used [0x0000000771800000,0x0000000771800000,0x0000000772200000)
  to   space 10240K, 0% used [0x0000000770e00000,0x0000000770e00000,0x0000000771800000)
 ParOldGen       total 171008K, used 0K [0x00000006c6c00000, 0x00000006d1300000, 0x000000076cf00000)
  object space 171008K, 0% used [0x00000006c6c00000,0x00000006c6c00000,0x00000006d1300000)
 Metaspace       used 7973K, capacity 8234K, committed 8448K, reserved 1056768K
  class space    used 878K, capacity 971K, committed 1024K, reserved 1048576K

Card table byte_map: [0x00007f3c514ce000,0x00007f3c51c99000] byte_map_base: 0x00007f3c4de98000

Marking Bits: (ParMarkBitMap*) 0x00007f3c54996340
 Begin Bits: [0x00007f3c08360000, 0x00007f3c0c1b0000)
 End Bits:   [0x00007f3c0c1b0000, 0x00007f3c10000000)

Polling page: 0x00007f3c55817000

CodeCache: size=245760Kb used=1805Kb max_used=1805Kb free=243954Kb
 bounds [0x00007f3c3d000000, 0x00007f3c3d270000, 0x00007f3c4c000000]
 total_blobs=795 nmethods=332 adapters=378
 compilation: enabled

Compilation events (10 events):
Event: 0.191 Thread 0x00007f3c4c0c8800  328       3       java.lang.invoke.MethodType$ConcurrentWeakInternSet$WeakEntry::equals (49 bytes)
Event: 0.191 Thread 0x00007f3c4c0c8800 nmethod 328 0x00007f3c3d1be550 code [0x00007f3c3d1be6e0, 0x00007f3c3d1bed48]
Event: 0.191 Thread 0x00007f3c4c0c8800  329       3       sun.invoke.util.VerifyAccess::isSamePackage (114 bytes)
Event: 0.192 Thread 0x00007f3c4c0c8800 nmethod 329 0x00007f3c3d1bf050 code [0x00007f3c3d1bf3a0, 0x00007f3c3d1c1458]
Event: 0.192 Thread 0x00007f3c4c0c8800  330       3       sun.util.logging.PlatformLogger::isLoggable (38 bytes)
Event: 0.192 Thread 0x00007f3c4c0c8800 nmethod 330 0x00007f3c3d1c2590 code [0x00007f3c3d1c2720, 0x00007f3c3d1c2b28]
Event: 0.193 Thread 0x00007f3c4c0c8800  331       3       java.util.concurrent.ConcurrentHashMap$Node::<init> (26 bytes)
Event: 0.193 Thread 0x00007f3c4c0c8800 nmethod 331 0x00007f3c3d1c2c90 code [0x00007f3c3d1c2e00, 0x00007f3c3d1c3010]
Event: 0.194 Thread 0x00007f3c4c0c8800  332       3       sun.awt.X11.XEvent::get_type (18 bytes)
Event: 0.194 Thread 0x00007f3c4c0c8800 nmethod 332 0x00007f3c3d1c30d0 code [0x00007f3c3d1c3260, 0x00007f3c3d1c35a8]

GC Heap History (0 events):
No events

Deoptimization events (0 events):
No events

Classes redefined (0 events):
No events

Internal exceptions (10 events):
Event: 0.063 Thread 0x00007f3c4c00b800 Exception <a 'java/security/PrivilegedActionException'> (0x000000076cf95448) thrown at [/build/openjdk-8-5w_p1G/openjdk-8-8u191-b12/src/hotspot/src/share/vm/prims/jvm.cpp, line 1429]
Event: 0.063 Thread 0x00007f3c4c00b800 Exception <a 'java/security/PrivilegedActionException'> (0x000000076cf95658) thrown at [/build/openjdk-8-5w_p1G/openjdk-8-8u191-b12/src/hotspot/src/share/vm/prims/jvm.cpp, line 1429]
Event: 0.063 Thread 0x00007f3c4c00b800 Exception <a 'java/security/PrivilegedActionException'> (0x000000076cf976e0) thrown at [/build/openjdk-8-5w_p1G/openjdk-8-8u191-b12/src/hotspot/src/share/vm/prims/jvm.cpp, line 1429]
Event: 0.063 Thread 0x00007f3c4c00b800 Exception <a 'java/security/PrivilegedActionException'> (0x000000076cf978f0) thrown at [/build/openjdk-8-5w_p1G/openjdk-8-8u191-b12/src/hotspot/src/share/vm/prims/jvm.cpp, line 1429]
Event: 0.063 Thread 0x00007f3c4c00b800 Exception <a 'java/security/PrivilegedActionException'> (0x000000076cf983c8) thrown at [/build/openjdk-8-5w_p1G/openjdk-8-8u191-b12/src/hotspot/src/share/vm/prims/jvm.cpp, line 1429]
Event: 0.063 Thread 0x00007f3c4c00b800 Exception <a 'java/security/PrivilegedActionException'> (0x000000076cf985d8) thrown at [/build/openjdk-8-5w_p1G/openjdk-8-8u191-b12/src/hotspot/src/share/vm/prims/jvm.cpp, line 1429]
Event: 0.096 Thread 0x00007f3c4c00b800 Exception <a 'java/lang/NoSuchFieldError': method resolution failed> (0x000000076d1ab240) thrown at [/build/openjdk-8-5w_p1G/openjdk-8-8u191-b12/src/hotspot/src/share/vm/prims/methodHandles.cpp, line 1167]
Event: 0.097 Thread 0x00007f3c4c00b800 Exception <a 'java/lang/NoSuchFieldError': method resolution failed> (0x000000076d1b8a40) thrown at [/build/openjdk-8-5w_p1G/openjdk-8-8u191-b12/src/hotspot/src/share/vm/prims/methodHandles.cpp, line 1167]
Event: 0.112 Thread 0x00007f3c4c00b800 Exception <a 'java/io/FileNotFoundException'> (0x000000076d237ce8) thrown at [/build/openjdk-8-5w_p1G/openjdk-8-8u191-b12/src/hotspot/src/share/vm/prims/jni.cpp, line 709]
Event: 0.121 Thread 0x00007f3c4c00b800 Exception <a 'java/lang/ClassNotFoundException': sun/dc/DuctusRenderingEngine> (0x000000076d252fa0) thrown at [/build/openjdk-8-5w_p1G/openjdk-8-8u191-b12/src/hotspot/src/share/vm/classfile/systemDictionary.cpp, line 210]

Events (10 events):
Event: 0.193 loading class java/awt/event/InputMethodEvent
Event: 0.193 loading class java/awt/event/InputMethodEvent done
Event: 0.193 loading class java/awt/event/ActionEvent
Event: 0.193 loading class java/awt/event/ContainerEvent
Event: 0.193 loading class java/awt/event/ActionEvent done
Event: 0.193 loading class java/awt/event/ContainerEvent done
Event: 0.193 loading class java/awt/event/FocusEvent
Event: 0.193 loading class java/awt/event/FocusEvent done
Event: 0.193 loading class sun/awt/HeadlessToolkit
Event: 0.193 loading class sun/awt/HeadlessToolkit done


Dynamic libraries:
6c6c00000-6d1300000 rw-p 00000000 00:00 0 
6d1300000-76cf00000 ---p 00000000 00:00 0 
76cf00000-772200000 rw-p 00000000 00:00 0 
772200000-7c0000000 ---p 00000000 00:00 0 
7c0000000-7c0100000 rw-p 00000000 00:00 0 
7c0100000-800000000 ---p 00000000 00:00 0 
560090bb8000-560090bb9000 r-xp 00000000 fd:01 106299887                  /usr/lib/jvm/java-8-openjdk-amd64/jre/bin/java
560090db8000-560090db9000 r--p 00000000 fd:01 106299887                  /usr/lib/jvm/java-8-openjdk-amd64/jre/bin/java
560090db9000-560090dba000 rw-p 00001000 fd:01 106299887                  /usr/lib/jvm/java-8-openjdk-amd64/jre/bin/java
5600927d2000-5600927f3000 rw-p 00000000 00:00 0                          [heap]
7f3bcc000000-7f3bcc021000 rw-p 00000000 00:00 0 
7f3bcc021000-7f3bd0000000 ---p 00000000 00:00 0 
7f3bd0000000-7f3bd0021000 rw-p 00000000 00:00 0 
7f3bd0021000-7f3bd4000000 ---p 00000000 00:00 0 
7f3bd4000000-7f3bd4021000 rw-p 00000000 00:00 0 
7f3bd4021000-7f3bd8000000 ---p 00000000 00:00 0 
7f3bd8000000-7f3bd8021000 rw-p 00000000 00:00 0 
7f3bd8021000-7f3bdc000000 ---p 00000000 00:00 0 
7f3bdc000000-7f3bdc021000 rw-p 00000000 00:00 0 
7f3bdc021000-7f3be0000000 ---p 00000000 00:00 0 
7f3be0000000-7f3be0021000 rw-p 00000000 00:00 0 
7f3be0021000-7f3be4000000 ---p 00000000 00:00 0 
7f3be4000000-7f3be41c3000 rw-p 00000000 00:00 0 
7f3be41c3000-7f3be8000000 ---p 00000000 00:00 0 
7f3be8000000-7f3be8021000 rw-p 00000000 00:00 0 
7f3be8021000-7f3bec000000 ---p 00000000 00:00 0 
7f3bec000000-7f3bec021000 rw-p 00000000 00:00 0 
7f3bec021000-7f3bf0000000 ---p 00000000 00:00 0 
7f3bf0000000-7f3bf00f3000 rw-p 00000000 00:00 0 
7f3bf00f3000-7f3bf4000000 ---p 00000000 00:00 0 
7f3bf4000000-7f3bf4021000 rw-p 00000000 00:00 0 
7f3bf4021000-7f3bf8000000 ---p 00000000 00:00 0 
7f3bf8000000-7f3bf8021000 rw-p 00000000 00:00 0 
7f3bf8021000-7f3bfc000000 ---p 00000000 00:00 0 
7f3bfc000000-7f3bfc021000 rw-p 00000000 00:00 0 
7f3bfc021000-7f3c00000000 ---p 00000000 00:00 0 
7f3c00000000-7f3c00021000 rw-p 00000000 00:00 0 
7f3c00021000-7f3c04000000 ---p 00000000 00:00 0 
7f3c04000000-7f3c04021000 rw-p 00000000 00:00 0 
7f3c04021000-7f3c08000000 ---p 00000000 00:00 0 
7f3c08360000-7f3c10000000 rw-p 00000000 00:00 0 
7f3c10000000-7f3c10021000 rw-p 00000000 00:00 0 
7f3c10021000-7f3c14000000 ---p 00000000 00:00 0 
7f3c14000000-7f3c14021000 rw-p 00000000 00:00 0 
7f3c14021000-7f3c18000000 ---p 00000000 00:00 0 
7f3c18000000-7f3c18021000 rw-p 00000000 00:00 0 
7f3c18021000-7f3c1c000000 ---p 00000000 00:00 0 
7f3c1db2d000-7f3c1db30000 ---p 00000000 00:00 0 
7f3c1db30000-7f3c1dc2e000 rw-p 00000000 00:00 0 
7f3c1dc2e000-7f3c1dc31000 ---p 00000000 00:00 0 
7f3c1dc31000-7f3c1dd2f000 rw-p 00000000 00:00 0 
7f3c1dd2f000-7f3c1dd38000 r-xp 00000000 fd:01 106576093                  /usr/lib/jvm/java-8-openjdk-amd64/jre/lib/amd64/libmanagement.so
7f3c1dd38000-7f3c1df37000 ---p 00009000 fd:01 106576093                  /usr/lib/jvm/java-8-openjdk-amd64/jre/lib/amd64/libmanagement.so
7f3c1df37000-7f3c1df38000 r--p 00008000 fd:01 106576093                  /usr/lib/jvm/java-8-openjdk-amd64/jre/lib/amd64/libmanagement.so
7f3c1df38000-7f3c1df39000 rw-p 00009000 fd:01 106576093                  /usr/lib/jvm/java-8-openjdk-amd64/jre/lib/amd64/libmanagement.so
7f3c1df39000-7f3c1df4d000 r-xp 00000000 fd:01 36438269                   /lib/x86_64-linux-gnu/libgpg-error.so.0.22.0
7f3c1df4d000-7f3c1e14c000 ---p 00014000 fd:01 36438269                   /lib/x86_64-linux-gnu/libgpg-error.so.0.22.0
7f3c1e14c000-7f3c1e14d000 r--p 00013000 fd:01 36438269                   /lib/x86_64-linux-gnu/libgpg-error.so.0.22.0
7f3c1e14d000-7f3c1e14e000 rw-p 00014000 fd:01 36438269                   /lib/x86_64-linux-gnu/libgpg-error.so.0.22.0
7f3c1e14e000-7f3c1e262000 r-xp 00000000 fd:01 36438271                   /lib/x86_64-linux-gnu/libgcrypt.so.20.2.1
7f3c1e262000-7f3c1e461000 ---p 00114000 fd:01 36438271                   /lib/x86_64-linux-gnu/libgcrypt.so.20.2.1
7f3c1e461000-7f3c1e463000 r--p 00113000 fd:01 36438271                   /lib/x86_64-linux-gnu/libgcrypt.so.20.2.1
7f3c1e463000-7f3c1e468000 rw-p 00115000 fd:01 36438271                   /lib/x86_64-linux-gnu/libgcrypt.so.20.2.1
7f3c1e468000-7f3c1e469000 rw-p 00000000 00:00 0 
7f3c1e469000-7f3c1e484000 r-xp 00000000 fd:01 105388618                  /usr/lib/x86_64-linux-gnu/liblz4.so.1.7.1
7f3c1e484000-7f3c1e683000 ---p 0001b000 fd:01 105388618                  /usr/lib/x86_64-linux-gnu/liblz4.so.1.7.1
7f3c1e683000-7f3c1e684000 r--p 0001a000 fd:01 105388618                  /usr/lib/x86_64-linux-gnu/liblz4.so.1.7.1
7f3c1e684000-7f3c1e685000 rw-p 0001b000 fd:01 105388618                  /usr/lib/x86_64-linux-gnu/liblz4.so.1.7.1
7f3c1e685000-7f3c1e6a9000 r-xp 00000000 fd:01 36438229                   /lib/x86_64-linux-gnu/liblzma.so.5.2.2
7f3c1e6a9000-7f3c1e8a9000 ---p 00024000 fd:01 36438229                   /lib/x86_64-linux-gnu/liblzma.so.5.2.2
7f3c1e8a9000-7f3c1e8aa000 r--p 00024000 fd:01 36438229                   /lib/x86_64-linux-gnu/liblzma.so.5.2.2
7f3c1e8aa000-7f3c1e8ab000 rw-p 00025000 fd:01 36438229                   /lib/x86_64-linux-gnu/liblzma.so.5.2.2
7f3c1e8ab000-7f3c1e92b000 r-xp 00000000 fd:01 36439342                   /lib/x86_64-linux-gnu/libsystemd.so.0.21.0
7f3c1e92b000-7f3c1eb2a000 ---p 00080000 fd:01 36439342                   /lib/x86_64-linux-gnu/libsystemd.so.0.21.0
7f3c1eb2a000-7f3c1eb2d000 r--p 0007f000 fd:01 36439342                   /lib/x86_64-linux-gnu/libsystemd.so.0.21.0
7f3c1eb2d000-7f3c1eb2e000 rw-p 00082000 fd:01 36439342                   /lib/x86_64-linux-gnu/libsystemd.so.0.21.0
7f3c1eb2e000-7f3c1eb2f000 rw-p 00000000 00:00 0 
7f3c1eb2f000-7f3c1eb9f000 r-xp 00000000 fd:01 36438263                   /lib/x86_64-linux-gnu/libpcre.so.3.13.3
7f3c1eb9f000-7f3c1ed9f000 ---p 00070000 fd:01 36438263                   /lib/x86_64-linux-gnu/libpcre.so.3.13.3
7f3c1ed9f000-7f3c1eda0000 r--p 00070000 fd:01 36438263                   /lib/x86_64-linux-gnu/libpcre.so.3.13.3
7f3c1eda0000-7f3c1eda1000 rw-p 00071000 fd:01 36438263                   /lib/x86_64-linux-gnu/libpcre.so.3.13.3
7f3c1eda1000-7f3c1eda8000 r-xp 00000000 fd:01 105382064                  /usr/lib/x86_64-linux-gnu/libffi.so.6.0.4
7f3c1eda8000-7f3c1efa7000 ---p 00007000 fd:01 105382064                  /usr/lib/x86_64-linux-gnu/libffi.so.6.0.4
7f3c1efa7000-7f3c1efa8000 r--p 00006000 fd:01 105382064                  /usr/lib/x86_64-linux-gnu/libffi.so.6.0.4
7f3c1efa8000-7f3c1efa9000 rw-p 00007000 fd:01 105382064                  /usr/lib/x86_64-linux-gnu/libffi.so.6.0.4
7f3c1efa9000-7f3c1efd5000 r-xp 00000000 fd:01 105382219                  /usr/lib/x86_64-linux-gnu/libatspi.so.0.0.1
7f3c1efd5000-7f3c1f1d5000 ---p 0002c000 fd:01 105382219                  /usr/lib/x86_64-linux-gnu/libatspi.so.0.0.1
7f3c1f1d5000-7f3c1f1d8000 r--p 0002c000 fd:01 105382219                  /usr/lib/x86_64-linux-gnu/libatspi.so.0.0.1
7f3c1f1d8000-7f3c1f1d9000 rw-p 0002f000 fd:01 105382219                  /usr/lib/x86_64-linux-gnu/libatspi.so.0.0.1
7f3c1f1d9000-7f3c1f224000 r-xp 00000000 fd:01 36438088                   /lib/x86_64-linux-gnu/libdbus-1.so.3.19.4
7f3c1f224000-7f3c1f424000 ---p 0004b000 fd:01 36438088                   /lib/x86_64-linux-gnu/libdbus-1.so.3.19.4
7f3c1f424000-7f3c1f425000 r--p 0004b000 fd:01 36438088                   /lib/x86_64-linux-gnu/libdbus-1.so.3.19.4
7f3c1f425000-7f3c1f426000 rw-p 0004c000 fd:01 36438088                   /lib/x86_64-linux-gnu/libdbus-1.so.3.19.4
7f3c1f426000-7f3c1f539000 r-xp 00000000 fd:01 105387254                  /usr/lib/x86_64-linux-gnu/libglib-2.0.so.0.5600.3
7f3c1f539000-7f3c1f739000 ---p 00113000 fd:01 105387254                  /usr/lib/x86_64-linux-gnu/libglib-2.0.so.0.5600.3
7f3c1f739000-7f3c1f73a000 r--p 00113000 fd:01 105387254                  /usr/lib/x86_64-linux-gnu/libglib-2.0.so.0.5600.3
7f3c1f73a000-7f3c1f73b000 rw-p 00114000 fd:01 105387254                  /usr/lib/x86_64-linux-gnu/libglib-2.0.so.0.5600.3
7f3c1f73b000-7f3c1f73c000 rw-p 00000000 00:00 0 
7f3c1f73c000-7f3c1f78e000 r-xp 00000000 fd:01 105387258                  /usr/lib/x86_64-linux-gnu/libgobject-2.0.so.0.5600.3
7f3c1f78e000-7f3c1f98e000 ---p 00052000 fd:01 105387258                  /usr/lib/x86_64-linux-gnu/libgobject-2.0.so.0.5600.3
7f3c1f98e000-7f3c1f98f000 r--p 00052000 fd:01 105387258                  /usr/lib/x86_64-linux-gnu/libgobject-2.0.so.0.5600.3
7f3c1f98f000-7f3c1f990000 rw-p 00053000 fd:01 105387258                  /usr/lib/x86_64-linux-gnu/libgobject-2.0.so.0.5600.3
7f3c1f990000-7f3c1f9be000 r-xp 00000000 fd:01 105388126                  /usr/lib/x86_64-linux-gnu/libatk-bridge-2.0.so.0.0.0
7f3c1f9be000-7f3c1fbbe000 ---p 0002e000 fd:01 105388126                  /usr/lib/x86_64-linux-gnu/libatk-bridge-2.0.so.0.0.0
7f3c1fbbe000-7f3c1fbbf000 r--p 0002e000 fd:01 105388126                  /usr/lib/x86_64-linux-gnu/libatk-bridge-2.0.so.0.0.0
7f3c1fbbf000-7f3c1fbc0000 rw-p 0002f000 fd:01 105388126                  /usr/lib/x86_64-linux-gnu/libatk-bridge-2.0.so.0.0.0
7f3c1fbc0000-7f3c1fbc1000 rw-p 00000000 00:00 0 
7f3c1fbc1000-7f3c1fbe3000 r-xp 00000000 fd:01 105389011                  /usr/lib/x86_64-linux-gnu/libatk-1.0.so.0.22810.1
7f3c1fbe3000-7f3c1fde3000 ---p 00022000 fd:01 105389011                  /usr/lib/x86_64-linux-gnu/libatk-1.0.so.0.22810.1
7f3c1fde3000-7f3c1fde6000 r--p 00022000 fd:01 105389011                  /usr/lib/x86_64-linux-gnu/libatk-1.0.so.0.22810.1
7f3c1fde6000-7f3c1fde7000 rw-p 00025000 fd:01 105389011                  /usr/lib/x86_64-linux-gnu/libatk-1.0.so.0.22810.1
7f3c1fde7000-7f3c1fdfe000 r-xp 00000000 fd:01 112329812                  /usr/lib/x86_64-linux-gnu/jni/libatk-wrapper.so.6.0.0
7f3c1fdfe000-7f3c1fffe000 ---p 00017000 fd:01 112329812                  /usr/lib/x86_64-linux-gnu/jni/libatk-wrapper.so.6.0.0
7f3c1fffe000-7f3c1ffff000 r--p 00017000 fd:01 112329812                  /usr/lib/x86_64-linux-gnu/jni/libatk-wrapper.so.6.0.0
7f3c1ffff000-7f3c20000000 rw-p 00018000 fd:01 112329812                  /usr/lib/x86_64-linux-gnu/jni/libatk-wrapper.so.6.0.0
7f3c20000000-7f3c20021000 rw-p 00000000 00:00 0 
7f3c20021000-7f3c24000000 ---p 00000000 00:00 0 
7f3c240dc000-7f3c270dd000 rw-p 00000000 00:00 0 
7f3c270dd000-7f3c270f4000 r-xp 00000000 fd:01 106576095                  /usr/lib/jvm/java-8-openjdk-amd64/jre/lib/amd64/libnet.so
7f3c270f4000-7f3c272f3000 ---p 00017000 fd:01 106576095                  /usr/lib/jvm/java-8-openjdk-amd64/jre/lib/amd64/libnet.so
7f3c272f3000-7f3c272f4000 r--p 00016000 fd:01 106576095                  /usr/lib/jvm/java-8-openjdk-amd64/jre/lib/amd64/libnet.so
7f3c272f4000-7f3c272f5000 rw-p 00017000 fd:01 106576095                  /usr/lib/jvm/java-8-openjdk-amd64/jre/lib/amd64/libnet.so
7f3c272f5000-7f3c27306000 r-xp 00000000 fd:01 106576096                  /usr/lib/jvm/java-8-openjdk-amd64/jre/lib/amd64/libnio.so
7f3c27306000-7f3c27506000 ---p 00011000 fd:01 106576096                  /usr/lib/jvm/java-8-openjdk-amd64/jre/lib/amd64/libnio.so
7f3c27506000-7f3c27507000 r--p 00011000 fd:01 106576096                  /usr/lib/jvm/java-8-openjdk-amd64/jre/lib/amd64/libnio.so
7f3c27507000-7f3c27508000 rw-p 00012000 fd:01 106576096                  /usr/lib/jvm/java-8-openjdk-amd64/jre/lib/amd64/libnio.so
7f3c27508000-7f3c2750b000 ---p 00000000 00:00 0 
7f3c2750b000-7f3c27609000 rw-p 00000000 00:00 0 
7f3c27609000-7f3c2760e000 r-xp 00000000 fd:01 105384084                  /usr/lib/x86_64-linux-gnu/libXfixes.so.3.1.0
7f3c2760e000-7f3c2780d000 ---p 00005000 fd:01 105384084                  /usr/lib/x86_64-linux-gnu/libXfixes.so.3.1.0
7f3c2780d000-7f3c2780e000 r--p 00004000 fd:01 105384084                  /usr/lib/x86_64-linux-gnu/libXfixes.so.3.1.0
7f3c2780e000-7f3c2780f000 rw-p 00005000 fd:01 105384084                  /usr/lib/x86_64-linux-gnu/libXfixes.so.3.1.0
7f3c2780f000-7f3c27818000 r-xp 00000000 fd:01 105386001                  /usr/lib/x86_64-linux-gnu/libXcursor.so.1.0.2
7f3c27818000-7f3c27a17000 ---p 00009000 fd:01 105386001                  /usr/lib/x86_64-linux-gnu/libXcursor.so.1.0.2
7f3c27a17000-7f3c27a18000 r--p 00008000 fd:01 105386001                  /usr/lib/x86_64-linux-gnu/libXcursor.so.1.0.2
7f3c27a18000-7f3c27a19000 rw-p 00009000 fd:01 105386001                  /usr/lib/x86_64-linux-gnu/libXcursor.so.1.0.2
7f3c27a19000-7f3c27a1c000 ---p 00000000 00:00 0 
7f3c27a1c000-7f3c27b1a000 rw-p 00000000 00:00 0 
7f3c27b1a000-7f3c27b4b000 r-xp 00000000 fd:01 105384395                  /usr/lib/x86_64-linux-gnu/libpng16.so.16.34.0
7f3c27b4b000-7f3c27d4a000 ---p 00031000 fd:01 105384395                  /usr/lib/x86_64-linux-gnu/libpng16.so.16.34.0
7f3c27d4a000-7f3c27d4b000 r--p 00030000 fd:01 105384395                  /usr/lib/x86_64-linux-gnu/libpng16.so.16.34.0
7f3c27d4b000-7f3c27d4c000 rw-p 00031000 fd:01 105384395                  /usr/lib/x86_64-linux-gnu/libpng16.so.16.34.0
7f3c27d4c000-7f3c27df9000 r-xp 00000000 fd:01 105384926                  /usr/lib/x86_64-linux-gnu/libfreetype.so.6.15.0
7f3c27df9000-7f3c27ff8000 ---p 000ad000 fd:01 105384926                  /usr/lib/x86_64-linux-gnu/libfreetype.so.6.15.0
7f3c27ff8000-7f3c27fff000 r--p 000ac000 fd:01 105384926                  /usr/lib/x86_64-linux-gnu/libfreetype.so.6.15.0
7f3c27fff000-7f3c28000000 rw-p 000b3000 fd:01 105384926                  /usr/lib/x86_64-linux-gnu/libfreetype.so.6.15.0
7f3c28000000-7f3c28021000 rw-p 00000000 00:00 0 
7f3c28021000-7f3c2c000000 ---p 00000000 00:00 0 
7f3c2c023000-7f3c2c026000 ---p 00000000 00:00 0 
7f3c2c026000-7f3c2c05c000 rw-p 00000000 00:00 0 
7f3c2c05c000-7f3c2c0ad000 r-xp 00000000 fd:01 106576075                  /usr/lib/jvm/java-8-openjdk-amd64/jre/lib/amd64/libfontmanager.so
7f3c2c0ad000-7f3c2c2ad000 ---p 00051000 fd:01 106576075                  /usr/lib/jvm/java-8-openjdk-amd64/jre/lib/amd64/libfontmanager.so
7f3c2c2ad000-7f3c2c2af000 r--p 00051000 fd:01 106576075                  /usr/lib/jvm/java-8-openjdk-amd64/jre/lib/amd64/libfontmanager.so
7f3c2c2af000-7f3c2c2b0000 rw-p 00053000 fd:01 106576075                  /usr/lib/jvm/java-8-openjdk-amd64/jre/lib/amd64/libfontmanager.so
7f3c2c2b0000-7f3c2c2c3000 r-xp 00000000 fd:01 36438213                   /lib/x86_64-linux-gnu/libbsd.so.0.8.7
7f3c2c2c3000-7f3c2c4c2000 ---p 00013000 fd:01 36438213                   /lib/x86_64-linux-gnu/libbsd.so.0.8.7
7f3c2c4c2000-7f3c2c4c3000 r--p 00012000 fd:01 36438213                   /lib/x86_64-linux-gnu/libbsd.so.0.8.7
7f3c2c4c3000-7f3c2c4c4000 rw-p 00013000 fd:01 36438213                   /lib/x86_64-linux-gnu/libbsd.so.0.8.7
7f3c2c4c4000-7f3c2c4c5000 rw-p 00000000 00:00 0 
7f3c2c4c5000-7f3c2c4ca000 r-xp 00000000 fd:01 105384098                  /usr/lib/x86_64-linux-gnu/libXdmcp.so.6.0.0
7f3c2c4ca000-7f3c2c6c9000 ---p 00005000 fd:01 105384098                  /usr/lib/x86_64-linux-gnu/libXdmcp.so.6.0.0
7f3c2c6c9000-7f3c2c6ca000 r--p 00004000 fd:01 105384098                  /usr/lib/x86_64-linux-gnu/libXdmcp.so.6.0.0
7f3c2c6ca000-7f3c2c6cb000 rw-p 00005000 fd:01 105384098                  /usr/lib/x86_64-linux-gnu/libXdmcp.so.6.0.0
7f3c2c6cb000-7f3c2c6cd000 r-xp 00000000 fd:01 105389610                  /usr/lib/x86_64-linux-gnu/libXau.so.6.0.0
7f3c2c6cd000-7f3c2c8cd000 ---p 00002000 fd:01 105389610                  /usr/lib/x86_64-linux-gnu/libXau.so.6.0.0
7f3c2c8cd000-7f3c2c8ce000 r--p 00002000 fd:01 105389610                  /usr/lib/x86_64-linux-gnu/libXau.so.6.0.0
7f3c2c8ce000-7f3c2c8cf000 rw-p 00003000 fd:01 105389610                  /usr/lib/x86_64-linux-gnu/libXau.so.6.0.0
7f3c2c8cf000-7f3c2c8f5000 r-xp 00000000 fd:01 105384100                  /usr/lib/x86_64-linux-gnu/libxcb.so.1.1.0
7f3c2c8f5000-7f3c2caf5000 ---p 00026000 fd:01 105384100                  /usr/lib/x86_64-linux-gnu/libxcb.so.1.1.0
7f3c2caf5000-7f3c2caf6000 r--p 00026000 fd:01 105384100                  /usr/lib/x86_64-linux-gnu/libxcb.so.1.1.0
7f3c2caf6000-7f3c2caf7000 rw-p 00027000 fd:01 105384100                  /usr/lib/x86_64-linux-gnu/libxcb.so.1.1.0
7f3c2caf7000-7f3c2cb06000 r-xp 00000000 fd:01 105389108                  /usr/lib/x86_64-linux-gnu/libXi.so.6.1.0
7f3c2cb06000-7f3c2cd05000 ---p 0000f000 fd:01 105389108                  /usr/lib/x86_64-linux-gnu/libXi.so.6.1.0
7f3c2cd05000-7f3c2cd06000 r--p 0000e000 fd:01 105389108                  /usr/lib/x86_64-linux-gnu/libXi.so.6.1.0
7f3c2cd06000-7f3c2cd07000 rw-p 0000f000 fd:01 105389108                  /usr/lib/x86_64-linux-gnu/libXi.so.6.1.0
7f3c2cd07000-7f3c2cd0c000 r-xp 00000000 fd:01 105383150                  /usr/lib/x86_64-linux-gnu/libXtst.so.6.1.0
7f3c2cd0c000-7f3c2cf0b000 ---p 00005000 fd:01 105383150                  /usr/lib/x86_64-linux-gnu/libXtst.so.6.1.0
7f3c2cf0b000-7f3c2cf0c000 r--p 00004000 fd:01 105383150                  /usr/lib/x86_64-linux-gnu/libXtst.so.6.1.0
7f3c2cf0c000-7f3c2cf0d000 rw-p 00005000 fd:01 105383150                  /usr/lib/x86_64-linux-gnu/libXtst.so.6.1.0
7f3c2cf0d000-7f3c2cf16000 r-xp 00000000 fd:01 105387647                  /usr/lib/x86_64-linux-gnu/libXrender.so.1.3.0
7f3c2cf16000-7f3c2d115000 ---p 00009000 fd:01 105387647                  /usr/lib/x86_64-linux-gnu/libXrender.so.1.3.0
7f3c2d115000-7f3c2d116000 r--p 00008000 fd:01 105387647                  /usr/lib/x86_64-linux-gnu/libXrender.so.1.3.0
7f3c2d116000-7f3c2d117000 rw-p 00009000 fd:01 105387647                  /usr/lib/x86_64-linux-gnu/libXrender.so.1.3.0
7f3c2d117000-7f3c2d24a000 r-xp 00000000 fd:01 105384313                  /usr/lib/x86_64-linux-gnu/libX11.so.6.3.0
7f3c2d24a000-7f3c2d44a000 ---p 00133000 fd:01 105384313                  /usr/lib/x86_64-linux-gnu/libX11.so.6.3.0
7f3c2d44a000-7f3c2d44b000 r--p 00133000 fd:01 105384313                  /usr/lib/x86_64-linux-gnu/libX11.so.6.3.0
7f3c2d44b000-7f3c2d44f000 rw-p 00134000 fd:01 105384313                  /usr/lib/x86_64-linux-gnu/libX11.so.6.3.0
7f3c2d44f000-7f3c2d460000 r-xp 00000000 fd:01 105389623                  /usr/lib/x86_64-linux-gnu/libXext.so.6.4.0
7f3c2d460000-7f3c2d65f000 ---p 00011000 fd:01 105389623                  /usr/lib/x86_64-linux-gnu/libXext.so.6.4.0
7f3c2d65f000-7f3c2d660000 r--p 00010000 fd:01 105389623                  /usr/lib/x86_64-linux-gnu/libXext.so.6.4.0
7f3c2d660000-7f3c2d661000 rw-p 00011000 fd:01 105389623                  /usr/lib/x86_64-linux-gnu/libXext.so.6.4.0
7f3c2d682000-7f3c2d6d6000 r-xp 00000000 fd:01 106576073                  /usr/lib/jvm/java-8-openjdk-amd64/jre/lib/amd64/libawt_xawt.so
7f3c2d6d6000-7f3c2d8d5000 ---p 00054000 fd:01 106576073                  /usr/lib/jvm/java-8-openjdk-amd64/jre/lib/amd64/libawt_xawt.so
7f3c2d8d5000-7f3c2d8d6000 r--p 00053000 fd:01 106576073                  /usr/lib/jvm/java-8-openjdk-amd64/jre/lib/amd64/libawt_xawt.so
7f3c2d8d6000-7f3c2d8d9000 rw-p 00054000 fd:01 106576073                  /usr/lib/jvm/java-8-openjdk-amd64/jre/lib/amd64/libawt_xawt.so
7f3c2d8d9000-7f3c2d8da000 rw-p 00000000 00:00 0 
7f3c2d8da000-7f3c2d97a000 r-xp 00000000 fd:01 106568149                  /usr/lib/jvm/java-8-openjdk-amd64/jre/lib/amd64/libawt.so
7f3c2d97a000-7f3c2db79000 ---p 000a0000 fd:01 106568149                  /usr/lib/jvm/java-8-openjdk-amd64/jre/lib/amd64/libawt.so
7f3c2db79000-7f3c2db7a000 r--p 0009f000 fd:01 106568149                  /usr/lib/jvm/java-8-openjdk-amd64/jre/lib/amd64/libawt.so
7f3c2db7a000-7f3c2db85000 rw-p 000a0000 fd:01 106568149                  /usr/lib/jvm/java-8-openjdk-amd64/jre/lib/amd64/libawt.so
7f3c2db85000-7f3c2dbaa000 rw-p 00000000 00:00 0 
7f3c2dbaa000-7f3c2dbc5000 r--s 001d6000 fd:01 107353343                  /usr/lib/jvm/java-8-openjdk-amd64/jre/lib/ext/nashorn.jar
7f3c2dbc5000-7f3c2dbe0000 r--s 00394000 fd:01 107351662                  /usr/lib/jvm/java-8-openjdk-amd64/jre/lib/ext/cldrdata.jar
7f3c2dbe0000-7f3c2dbe1000 ---p 00000000 00:00 0 
7f3c2dbe1000-7f3c2dce1000 rw-p 00000000 00:00 0 
7f3c2dce1000-7f3c2dce4000 ---p 00000000 00:00 0 
7f3c2dce4000-7f3c2dde2000 rw-p 00000000 00:00 0 
7f3c2dde2000-7f3c2dde3000 ---p 00000000 00:00 0 
7f3c2dde3000-7f3c2dde6000 ---p 00000000 00:00 0 
7f3c2dde6000-7f3c2dee3000 rw-p 00000000 00:00 0 
7f3c2dee3000-7f3c2dee4000 ---p 00000000 00:00 0 
7f3c2dee4000-7f3c2dee7000 ---p 00000000 00:00 0 
7f3c2dee7000-7f3c2dfe4000 rw-p 00000000 00:00 0 
7f3c2dfe4000-7f3c2dfe5000 ---p 00000000 00:00 0 
7f3c2dfe5000-7f3c2dfe8000 ---p 00000000 00:00 0 
7f3c2dfe8000-7f3c2e0e5000 rw-p 00000000 00:00 0 
7f3c2e0e5000-7f3c2e0e6000 ---p 00000000 00:00 0 
7f3c2e0e6000-7f3c2e0e9000 ---p 00000000 00:00 0 
7f3c2e0e9000-7f3c2e1e6000 rw-p 00000000 00:00 0 
7f3c2e1e6000-7f3c2e1e9000 ---p 00000000 00:00 0 
7f3c2e1e9000-7f3c2e2e7000 rw-p 00000000 00:00 0 
7f3c2e2e7000-7f3c2e5c5000 r--p 00000000 fd:01 105382319                  /usr/lib/locale/locale-archive
7f3c2e5c5000-7f3c2e5c8000 ---p 00000000 00:00 0 
7f3c2e5c8000-7f3c2e6c6000 rw-p 00000000 00:00 0 
7f3c2e6c6000-7f3c2e6c9000 ---p 00000000 00:00 0 
7f3c2e6c9000-7f3c2e7c7000 rw-p 00000000 00:00 0 
7f3c2e7c7000-7f3c2e7c8000 ---p 00000000 00:00 0 
7f3c2e7c8000-7f3c30000000 rw-p 00000000 00:00 0 
7f3c30000000-7f3c30021000 rw-p 00000000 00:00 0 
7f3c30021000-7f3c34000000 ---p 00000000 00:00 0 
7f3c34000000-7f3c34021000 rw-p 00000000 00:00 0 
7f3c34021000-7f3c38000000 ---p 00000000 00:00 0 
7f3c38000000-7f3c38021000 rw-p 00000000 00:00 0 
7f3c38021000-7f3c3c000000 ---p 00000000 00:00 0 
7f3c3c00b000-7f3c3c010000 r--s 002f9000 fd:01 106430955                  /usr/lib/jvm/java-8-openjdk-amd64/jre/lib/charsets.jar
7f3c3c010000-7f3c3c015000 r--s 000a0000 fd:01 106432784                  /usr/lib/jvm/java-8-openjdk-amd64/jre/lib/jsse.jar
7f3c3c015000-7f3c3c776000 rw-p 00000000 00:00 0 
7f3c3c776000-7f3c3c836000 ---p 00000000 00:00 0 
7f3c3c836000-7f3c3d000000 rw-p 00000000 00:00 0 
7f3c3d000000-7f3c3d270000 rwxp 00000000 00:00 0 
7f3c3d270000-7f3c4c000000 ---p 00000000 00:00 0 
7f3c4c000000-7f3c4c345000 rw-p 00000000 00:00 0 
7f3c4c345000-7f3c50000000 ---p 00000000 00:00 0 
7f3c50001000-7f3c50003000 r--s 00016000 fd:01 106432782                  /usr/lib/jvm/java-8-openjdk-amd64/jre/lib/jce.jar
7f3c50003000-7f3c50016000 r--s 00346000 fd:01 106432788                  /usr/lib/jvm/java-8-openjdk-amd64/jre/lib/resources.jar
7f3c50016000-7f3c5054f000 rw-p 00000000 00:00 0 
7f3c5054f000-7f3c5071e000 r--s 03c33000 fd:01 106432789                  /usr/lib/jvm/java-8-openjdk-amd64/jre/lib/rt.jar
7f3c5071e000-7f3c50794000 rw-p 00000000 00:00 0 
7f3c50794000-7f3c50795000 ---p 00000000 00:00 0 
7f3c50795000-7f3c50895000 rw-p 00000000 00:00 0 
7f3c50895000-7f3c50896000 ---p 00000000 00:00 0 
7f3c50896000-7f3c50996000 rw-p 00000000 00:00 0 
7f3c50996000-7f3c50997000 ---p 00000000 00:00 0 
7f3c50997000-7f3c50a97000 rw-p 00000000 00:00 0 
7f3c50a97000-7f3c50a98000 ---p 00000000 00:00 0 
7f3c50a98000-7f3c50b98000 rw-p 00000000 00:00 0 
7f3c50b98000-7f3c50b99000 ---p 00000000 00:00 0 
7f3c50b99000-7f3c50c99000 rw-p 00000000 00:00 0 
7f3c50c99000-7f3c50c9a000 ---p 00000000 00:00 0 
7f3c50c9a000-7f3c50d9a000 rw-p 00000000 00:00 0 
7f3c50d9a000-7f3c50d9b000 ---p 00000000 00:00 0 
7f3c50d9b000-7f3c50e9b000 rw-p 00000000 00:00 0 
7f3c50e9b000-7f3c50e9c000 ---p 00000000 00:00 0 
7f3c50e9c000-7f3c50ff0000 rw-p 00000000 00:00 0 
7f3c50ff0000-7f3c514ce000 ---p 00000000 00:00 0 
7f3c514ce000-7f3c51522000 rw-p 00000000 00:00 0 
7f3c51522000-7f3c519ff000 ---p 00000000 00:00 0 
7f3c519ff000-7f3c51a29000 rw-p 00000000 00:00 0 
7f3c51a29000-7f3c51c98000 ---p 00000000 00:00 0 
7f3c51c98000-7f3c51ca3000 rw-p 00000000 00:00 0 
7f3c51ca3000-7f3c52059000 ---p 00000000 00:00 0 
7f3c52059000-7f3c52061000 r-xp 00000000 fd:01 106576103                  /usr/lib/jvm/java-8-openjdk-amd64/jre/lib/amd64/libzip.so
7f3c52061000-7f3c52260000 ---p 00008000 fd:01 106576103                  /usr/lib/jvm/java-8-openjdk-amd64/jre/lib/amd64/libzip.so
7f3c52260000-7f3c52261000 r--p 00007000 fd:01 106576103                  /usr/lib/jvm/java-8-openjdk-amd64/jre/lib/amd64/libzip.so
7f3c52261000-7f3c52262000 rw-p 00008000 fd:01 106576103                  /usr/lib/jvm/java-8-openjdk-amd64/jre/lib/amd64/libzip.so
7f3c52262000-7f3c5226d000 r-xp 00000000 fd:01 36438202                   /lib/x86_64-linux-gnu/libnss_files-2.27.so
7f3c5226d000-7f3c5246c000 ---p 0000b000 fd:01 36438202                   /lib/x86_64-linux-gnu/libnss_files-2.27.so
7f3c5246c000-7f3c5246d000 r--p 0000a000 fd:01 36438202                   /lib/x86_64-linux-gnu/libnss_files-2.27.so
7f3c5246d000-7f3c5246e000 rw-p 0000b000 fd:01 36438202                   /lib/x86_64-linux-gnu/libnss_files-2.27.so
7f3c5246e000-7f3c52474000 rw-p 00000000 00:00 0 
7f3c52474000-7f3c5248b000 r-xp 00000000 fd:01 36438199                   /lib/x86_64-linux-gnu/libnsl-2.27.so
7f3c5248b000-7f3c5268a000 ---p 00017000 fd:01 36438199                   /lib/x86_64-linux-gnu/libnsl-2.27.so
7f3c5268a000-7f3c5268b000 r--p 00016000 fd:01 36438199                   /lib/x86_64-linux-gnu/libnsl-2.27.so
7f3c5268b000-7f3c5268c000 rw-p 00017000 fd:01 36438199                   /lib/x86_64-linux-gnu/libnsl-2.27.so
7f3c5268c000-7f3c5268e000 rw-p 00000000 00:00 0 
7f3c5268e000-7f3c52699000 r-xp 00000000 fd:01 36438204                   /lib/x86_64-linux-gnu/libnss_nis-2.27.so
7f3c52699000-7f3c52898000 ---p 0000b000 fd:01 36438204                   /lib/x86_64-linux-gnu/libnss_nis-2.27.so
7f3c52898000-7f3c52899000 r--p 0000a000 fd:01 36438204                   /lib/x86_64-linux-gnu/libnss_nis-2.27.so
7f3c52899000-7f3c5289a000 rw-p 0000b000 fd:01 36438204                   /lib/x86_64-linux-gnu/libnss_nis-2.27.so
7f3c5289a000-7f3c528a2000 r-xp 00000000 fd:01 36438200                   /lib/x86_64-linux-gnu/libnss_compat-2.27.so
7f3c528a2000-7f3c52aa2000 ---p 00008000 fd:01 36438200                   /lib/x86_64-linux-gnu/libnss_compat-2.27.so
7f3c52aa2000-7f3c52aa3000 r--p 00008000 fd:01 36438200                   /lib/x86_64-linux-gnu/libnss_compat-2.27.so
7f3c52aa3000-7f3c52aa4000 rw-p 00009000 fd:01 36438200                   /lib/x86_64-linux-gnu/libnss_compat-2.27.so
7f3c52aa4000-7f3c52ad2000 r-xp 00000000 fd:01 106576084                  /usr/lib/jvm/java-8-openjdk-amd64/jre/lib/amd64/libjava.so
7f3c52ad2000-7f3c52cd1000 ---p 0002e000 fd:01 106576084                  /usr/lib/jvm/java-8-openjdk-amd64/jre/lib/amd64/libjava.so
7f3c52cd1000-7f3c52cd2000 r--p 0002d000 fd:01 106576084                  /usr/lib/jvm/java-8-openjdk-amd64/jre/lib/amd64/libjava.so
7f3c52cd2000-7f3c52cd4000 rw-p 0002e000 fd:01 106576084                  /usr/lib/jvm/java-8-openjdk-amd64/jre/lib/amd64/libjava.so
7f3c52cd4000-7f3c52ce4000 r-xp 00000000 fd:01 106576102                  /usr/lib/jvm/java-8-openjdk-amd64/jre/lib/amd64/libverify.so
7f3c52ce4000-7f3c52ee3000 ---p 00010000 fd:01 106576102                  /usr/lib/jvm/java-8-openjdk-amd64/jre/lib/amd64/libverify.so
7f3c52ee3000-7f3c52ee5000 r--p 0000f000 fd:01 106576102                  /usr/lib/jvm/java-8-openjdk-amd64/jre/lib/amd64/libverify.so
7f3c52ee5000-7f3c52ee6000 rw-p 00011000 fd:01 106576102                  /usr/lib/jvm/java-8-openjdk-amd64/jre/lib/amd64/libverify.so
7f3c52ee6000-7f3c52eed000 r-xp 00000000 fd:01 36438209                   /lib/x86_64-linux-gnu/librt-2.27.so
7f3c52eed000-7f3c530ec000 ---p 00007000 fd:01 36438209                   /lib/x86_64-linux-gnu/librt-2.27.so
7f3c530ec000-7f3c530ed000 r--p 00006000 fd:01 36438209                   /lib/x86_64-linux-gnu/librt-2.27.so
7f3c530ed000-7f3c530ee000 rw-p 00007000 fd:01 36438209                   /lib/x86_64-linux-gnu/librt-2.27.so
7f3c530ee000-7f3c53105000 r-xp 00000000 fd:01 36438253                   /lib/x86_64-linux-gnu/libgcc_s.so.1
7f3c53105000-7f3c53304000 ---p 00017000 fd:01 36438253                   /lib/x86_64-linux-gnu/libgcc_s.so.1
7f3c53304000-7f3c53305000 r--p 00016000 fd:01 36438253                   /lib/x86_64-linux-gnu/libgcc_s.so.1
7f3c53305000-7f3c53306000 rw-p 00017000 fd:01 36438253                   /lib/x86_64-linux-gnu/libgcc_s.so.1
7f3c53306000-7f3c534a3000 r-xp 00000000 fd:01 36438196                   /lib/x86_64-linux-gnu/libm-2.27.so
7f3c534a3000-7f3c536a2000 ---p 0019d000 fd:01 36438196                   /lib/x86_64-linux-gnu/libm-2.27.so
7f3c536a2000-7f3c536a3000 r--p 0019c000 fd:01 36438196                   /lib/x86_64-linux-gnu/libm-2.27.so
7f3c536a3000-7f3c536a4000 rw-p 0019d000 fd:01 36438196                   /lib/x86_64-linux-gnu/libm-2.27.so
7f3c536a4000-7f3c5381d000 r-xp 00000000 fd:01 105384853                  /usr/lib/x86_64-linux-gnu/libstdc++.so.6.0.25
7f3c5381d000-7f3c53a1d000 ---p 00179000 fd:01 105384853                  /usr/lib/x86_64-linux-gnu/libstdc++.so.6.0.25
7f3c53a1d000-7f3c53a27000 r--p 00179000 fd:01 105384853                  /usr/lib/x86_64-linux-gnu/libstdc++.so.6.0.25
7f3c53a27000-7f3c53a29000 rw-p 00183000 fd:01 105384853                  /usr/lib/x86_64-linux-gnu/libstdc++.so.6.0.25
7f3c53a29000-7f3c53a2d000 rw-p 00000000 00:00 0 
7f3c53a2d000-7f3c546c7000 r-xp 00000000 fd:01 106823706                  /usr/lib/jvm/java-8-openjdk-amd64/jre/lib/amd64/server/libjvm.so
7f3c546c7000-7f3c548c6000 ---p 00c9a000 fd:01 106823706                  /usr/lib/jvm/java-8-openjdk-amd64/jre/lib/amd64/server/libjvm.so
7f3c548c6000-7f3c5495a000 r--p 00c99000 fd:01 106823706                  /usr/lib/jvm/java-8-openjdk-amd64/jre/lib/amd64/server/libjvm.so
7f3c5495a000-7f3c54983000 rw-p 00d2d000 fd:01 106823706                  /usr/lib/jvm/java-8-openjdk-amd64/jre/lib/amd64/server/libjvm.so
7f3c54983000-7f3c549b3000 rw-p 00000000 00:00 0 
7f3c549b3000-7f3c549cd000 r-xp 00000000 fd:01 36438207                   /lib/x86_64-linux-gnu/libpthread-2.27.so
7f3c549cd000-7f3c54bcc000 ---p 0001a000 fd:01 36438207                   /lib/x86_64-linux-gnu/libpthread-2.27.so
7f3c54bcc000-7f3c54bcd000 r--p 00019000 fd:01 36438207                   /lib/x86_64-linux-gnu/libpthread-2.27.so
7f3c54bcd000-7f3c54bce000 rw-p 0001a000 fd:01 36438207                   /lib/x86_64-linux-gnu/libpthread-2.27.so
7f3c54bce000-7f3c54bd2000 rw-p 00000000 00:00 0 
7f3c54bd2000-7f3c54bd5000 r-xp 00000000 fd:01 36438195                   /lib/x86_64-linux-gnu/libdl-2.27.so
7f3c54bd5000-7f3c54dd4000 ---p 00003000 fd:01 36438195                   /lib/x86_64-linux-gnu/libdl-2.27.so
7f3c54dd4000-7f3c54dd5000 r--p 00002000 fd:01 36438195                   /lib/x86_64-linux-gnu/libdl-2.27.so
7f3c54dd5000-7f3c54dd6000 rw-p 00003000 fd:01 36438195                   /lib/x86_64-linux-gnu/libdl-2.27.so
7f3c54dd6000-7f3c54df2000 r-xp 00000000 fd:01 36438237                   /lib/x86_64-linux-gnu/libz.so.1.2.11
7f3c54df2000-7f3c54ff1000 ---p 0001c000 fd:01 36438237                   /lib/x86_64-linux-gnu/libz.so.1.2.11
7f3c54ff1000-7f3c54ff2000 r--p 0001b000 fd:01 36438237                   /lib/x86_64-linux-gnu/libz.so.1.2.11
7f3c54ff2000-7f3c54ff3000 rw-p 0001c000 fd:01 36438237                   /lib/x86_64-linux-gnu/libz.so.1.2.11
7f3c54ff3000-7f3c551da000 r-xp 00000000 fd:01 36438192                   /lib/x86_64-linux-gnu/libc-2.27.so
7f3c551da000-7f3c553da000 ---p 001e7000 fd:01 36438192                   /lib/x86_64-linux-gnu/libc-2.27.so
7f3c553da000-7f3c553de000 r--p 001e7000 fd:01 36438192                   /lib/x86_64-linux-gnu/libc-2.27.so
7f3c553de000-7f3c553e0000 rw-p 001eb000 fd:01 36438192                   /lib/x86_64-linux-gnu/libc-2.27.so
7f3c553e0000-7f3c553e4000 rw-p 00000000 00:00 0 
7f3c553e4000-7f3c553f2000 r-xp 00000000 fd:01 106692615                  /usr/lib/jvm/java-8-openjdk-amd64/jre/lib/amd64/jli/libjli.so
7f3c553f2000-7f3c555f1000 ---p 0000e000 fd:01 106692615                  /usr/lib/jvm/java-8-openjdk-amd64/jre/lib/amd64/jli/libjli.so
7f3c555f1000-7f3c555f2000 r--p 0000d000 fd:01 106692615                  /usr/lib/jvm/java-8-openjdk-amd64/jre/lib/amd64/jli/libjli.so
7f3c555f2000-7f3c555f3000 rw-p 0000e000 fd:01 106692615                  /usr/lib/jvm/java-8-openjdk-amd64/jre/lib/amd64/jli/libjli.so
7f3c555f3000-7f3c5561a000 r-xp 00000000 fd:01 36438097                   /lib/x86_64-linux-gnu/ld-2.27.so
7f3c5561b000-7f3c5561d000 r--s 00001000 fd:01 107352522                  /usr/lib/jvm/java-8-openjdk-amd64/jre/lib/ext/dnsns.jar
7f3c5561d000-7f3c55623000 r--s 0003b000 fd:01 107361075                  /usr/lib/jvm/java-8-openjdk-amd64/jre/lib/ext/sunjce_provider.jar
7f3c55623000-7f3c556f4000 rw-p 00000000 00:00 0 
7f3c556f4000-7f3c556f5000 ---p 00000000 00:00 0 
7f3c556f5000-7f3c556f8000 ---p 00000000 00:00 0 
7f3c556f8000-7f3c557f7000 rw-p 00000000 00:00 0 
7f3c557f8000-7f3c557fa000 r--s 00008000 fd:01 107353344                  /usr/lib/jvm/java-8-openjdk-amd64/jre/lib/ext/sunec.jar
7f3c557fa000-7f3c557fd000 r--s 00038000 fd:01 107361076                  /usr/lib/jvm/java-8-openjdk-amd64/jre/lib/ext/sunpkcs11.jar
7f3c557fd000-7f3c55807000 r--s 00116000 fd:01 107353342                  /usr/lib/jvm/java-8-openjdk-amd64/jre/lib/ext/localedata.jar
7f3c55807000-7f3c5580a000 r--s 0000f000 fd:01 107353339                  /usr/lib/jvm/java-8-openjdk-amd64/jre/lib/ext/icedtea-sound.jar
7f3c5580a000-7f3c5580b000 r--s 00010000 fd:01 107361581                  /usr/lib/jvm/java-8-openjdk-amd64/jre/lib/ext/zipfs.jar
7f3c5580b000-7f3c5580c000 r--s 0000a000 fd:01 107353341                  /usr/lib/jvm/java-8-openjdk-amd64/jre/lib/ext/jaccess.jar
7f3c5580c000-7f3c5580e000 r--s 00007000 fd:01 105908556                  /usr/share/java/java-atk-wrapper.jar
7f3c5580e000-7f3c55816000 rw-s 00000000 fd:01 103023419                  /tmp/hsperfdata_order/28679
7f3c55816000-7f3c55817000 rw-p 00000000 00:00 0 
7f3c55817000-7f3c55818000 r--p 00000000 00:00 0 
7f3c55818000-7f3c5581a000 rw-p 00000000 00:00 0 
7f3c5581a000-7f3c5581b000 r--p 00027000 fd:01 36438097                   /lib/x86_64-linux-gnu/ld-2.27.so
7f3c5581b000-7f3c5581c000 rw-p 00028000 fd:01 36438097                   /lib/x86_64-linux-gnu/ld-2.27.so
7f3c5581c000-7f3c5581d000 rw-p 00000000 00:00 0 
7ffd0760a000-7ffd0762b000 rw-p 00000000 00:00 0                          [stack]
7ffd0775b000-7ffd0775e000 r--p 00000000 00:00 0                          [vvar]
7ffd0775e000-7ffd07760000 r-xp 00000000 00:00 0                          [vdso]
ffffffffff600000-ffffffffff601000 r-xp 00000000 00:00 0                  [vsyscall]

VM Arguments:
jvm_args: -Dfile.encoding=UTF-8 
java_command: com.twoswap.mandelbrot.GUI
java_class_path (initial): /usr/lib/jvm/java-8-openjdk-amd64/jre/lib/resources.jar:/usr/lib/jvm/java-8-openjdk-amd64/jre/lib/rt.jar:/usr/lib/jvm/java-8-openjdk-amd64/jre/lib/jsse.jar:/usr/lib/jvm/java-8-openjdk-amd64/jre/lib/jce.jar:/usr/lib/jvm/java-8-openjdk-amd64/jre/lib/charsets.jar:/usr/share/java/java-atk-wrapper.jar:/usr/lib/jvm/java-8-openjdk-amd64/jre/lib/ext/jaccess.jar:/usr/lib/jvm/java-8-openjdk-amd64/jre/lib/ext/cldrdata.jar:/usr/lib/jvm/java-8-openjdk-amd64/jre/lib/ext/nashorn.jar:/usr/lib/jvm/java-8-openjdk-amd64/jre/lib/ext/zipfs.jar:/usr/lib/jvm/java-8-openjdk-amd64/jre/lib/ext/icedtea-sound.jar:/usr/lib/jvm/java-8-openjdk-amd64/jre/lib/ext/localedata.jar:/usr/lib/jvm/java-8-openjdk-amd64/jre/lib/ext/sunpkcs11.jar:/usr/lib/jvm/java-8-openjdk-amd64/jre/lib/ext/sunjce_provider.jar:/usr/lib/jvm/java-8-openjdk-amd64/jre/lib/ext/sunec.jar:/usr/lib/jvm/java-8-openjdk-amd64/jre/lib/ext/dnsns.jar:/home/order/Hobby CS/Java/FractalDive/bin:/home/order/Hobby CS/Java/FractalDive/jafama.jar
Launcher Type: SUN_STANDARD

Environment Variables:
PATH=/home/order/bin:/home/order/.local/bin:/usr/local/sbin:/usr/local/bin:/usr/sbin:/usr/bin:/sbin:/bin:/usr/games:/usr/local/games:/snap/bin
USERNAME=order
SHELL=/bin/bash
DISPLAY=:1

Signal Handlers:
SIGSEGV: [libjvm.so+0xab2ea0], sa_mask[0]=11111111011111111101111111111110, sa_flags=SA_RESTART|SA_SIGINFO
SIGBUS: [libjvm.so+0xab2ea0], sa_mask[0]=11111111011111111101111111111110, sa_flags=SA_RESTART|SA_SIGINFO
SIGFPE: [libjvm.so+0x8e87b0], sa_mask[0]=11111111011111111101111111111110, sa_flags=SA_RESTART|SA_SIGINFO
SIGPIPE: [libjvm.so+0x8e87b0], sa_mask[0]=11111111011111111101111111111110, sa_flags=SA_RESTART|SA_SIGINFO
SIGXFSZ: [libjvm.so+0x8e87b0], sa_mask[0]=11111111011111111101111111111110, sa_flags=SA_RESTART|SA_SIGINFO
SIGILL: [libjvm.so+0x8e87b0], sa_mask[0]=11111111011111111101111111111110, sa_flags=SA_RESTART|SA_SIGINFO
SIGUSR1: SIG_DFL, sa_mask[0]=00000000000000000000000000000000, sa_flags=none
SIGUSR2: [libjvm.so+0x8e8660], sa_mask[0]=00100000000000000000000000000000, sa_flags=SA_RESTART|SA_SIGINFO
SIGHUP: [libjvm.so+0x8e8cd0], sa_mask[0]=11111111011111111101111111111110, sa_flags=SA_RESTART|SA_SIGINFO
SIGINT: [libjvm.so+0x8e8cd0], sa_mask[0]=11111111011111111101111111111110, sa_flags=SA_RESTART|SA_SIGINFO
SIGTERM: [libjvm.so+0x8e8cd0], sa_mask[0]=11111111011111111101111111111110, sa_flags=SA_RESTART|SA_SIGINFO
SIGQUIT: [libjvm.so+0x8e8cd0], sa_mask[0]=11111111011111111101111111111110, sa_flags=SA_RESTART|SA_SIGINFO


---------------  S Y S T E M  ---------------

OS:DISTRIB_ID=Ubuntu
DISTRIB_RELEASE=18.04
DISTRIB_CODENAME=bionic
DISTRIB_DESCRIPTION="Ubuntu 18.04.2 LTS"

uname:Linux 4.15.0-46-generic #49-Ubuntu SMP Wed Feb 6 09:33:07 UTC 2019 x86_64
libc:glibc 2.27 NPTL 2.27 
rlimit: STACK 8192k, CORE 0k, NPROC 63238, NOFILE 1048576, AS infinity
load average:0.33 0.35 0.42

/proc/meminfo:
MemTotal:       16330492 kB
MemFree:         1921536 kB
MemAvailable:    8444628 kB
Buffers:          723664 kB
Cached:          5902492 kB
SwapCached:            0 kB
Active:         10074344 kB
Inactive:        3409320 kB
Active(anon):    6860124 kB
Inactive(anon):   215368 kB
Active(file):    3214220 kB
Inactive(file):  3193952 kB
Unevictable:          48 kB
Mlocked:              48 kB
SwapTotal:      16683004 kB
SwapFree:       16683004 kB
Dirty:              2000 kB
Writeback:             0 kB
AnonPages:       6857472 kB
Mapped:          1192320 kB
Shmem:            218664 kB
Slab:             556452 kB
SReclaimable:     450956 kB
SUnreclaim:       105496 kB
KernelStack:       20600 kB
PageTables:        98180 kB
NFS_Unstable:          0 kB
Bounce:                0 kB
WritebackTmp:          0 kB
CommitLimit:    24848248 kB
Committed_AS:   15500004 kB
VmallocTotal:   34359738367 kB
VmallocUsed:           0 kB
VmallocChunk:          0 kB
HardwareCorrupted:     0 kB
AnonHugePages:         0 kB
ShmemHugePages:        0 kB
ShmemPmdMapped:        0 kB
CmaTotal:              0 kB
CmaFree:               0 kB
HugePages_Total:       0
HugePages_Free:        0
HugePages_Rsvd:        0
HugePages_Surp:        0
Hugepagesize:       2048 kB
DirectMap4k:      646684 kB
DirectMap2M:    13938688 kB
DirectMap1G:     3145728 kB

container (cgroup) information:
container_type: cgroupv1
cpu_cpuset_cpus: 0-7
cpu_memory_nodes: 0
active_processor_count: 8
cpu_quota: -1
cpu_period: 100000
cpu_shares: -1
memory_limit_in_bytes: -1
memory_and_swap_limit_in_bytes: -2
memory_soft_limit_in_bytes: -1
memory_usage_in_bytes: 13808041984
memory_max_usage_in_bytes: 0


CPU:total 8 (initial active 8) (4 cores per cpu, 2 threads per core) family 6 model 60 stepping 3, cmov, cx8, fxsr, mmx, sse, sse2, sse3, ssse3, sse4.1, sse4.2, popcnt, avx, avx2, aes, clmul, erms, lzcnt, ht, tsc, tscinvbit, bmi1, bmi2

/proc/cpuinfo:
processor	: 0
vendor_id	: GenuineIntel
cpu family	: 6
model		: 60
model name	: Intel(R) Core(TM) i7-4770 CPU @ 3.40GHz
stepping	: 3
microcode	: 0x25
cpu MHz		: 3141.904
cache size	: 8192 KB
physical id	: 0
siblings	: 8
core id		: 0
cpu cores	: 4
apicid		: 0
initial apicid	: 0
fpu		: yes
fpu_exception	: yes
cpuid level	: 13
wp		: yes
flags		: fpu vme de pse tsc msr pae mce cx8 apic sep mtrr pge mca cmov pat pse36 clflush dts acpi mmx fxsr sse sse2 ss ht tm pbe syscall nx pdpe1gb rdtscp lm constant_tsc arch_perfmon pebs bts rep_good nopl xtopology nonstop_tsc cpuid aperfmperf pni pclmulqdq dtes64 monitor ds_cpl vmx smx est tm2 ssse3 sdbg fma cx16 xtpr pdcm pcid sse4_1 sse4_2 x2apic movbe popcnt tsc_deadline_timer aes xsave avx f16c rdrand lahf_lm abm cpuid_fault epb invpcid_single pti ssbd ibrs ibpb stibp tpr_shadow vnmi flexpriority ept vpid fsgsbase tsc_adjust bmi1 avx2 smep bmi2 erms invpcid xsaveopt dtherm ida arat pln pts flush_l1d
bugs		: cpu_meltdown spectre_v1 spectre_v2 spec_store_bypass l1tf
bogomips	: 6784.89
clflush size	: 64
cache_alignment	: 64
address sizes	: 39 bits physical, 48 bits virtual
power management:

processor	: 1
vendor_id	: GenuineIntel
cpu family	: 6
model		: 60
model name	: Intel(R) Core(TM) i7-4770 CPU @ 3.40GHz
stepping	: 3
microcode	: 0x25
cpu MHz		: 2523.034
cache size	: 8192 KB
physical id	: 0
siblings	: 8
core id		: 1
cpu cores	: 4
apicid		: 2
initial apicid	: 2
fpu		: yes
fpu_exception	: yes
cpuid level	: 13
wp		: yes
flags		: fpu vme de pse tsc msr pae mce cx8 apic sep mtrr pge mca cmov pat pse36 clflush dts acpi mmx fxsr sse sse2 ss ht tm pbe syscall nx pdpe1gb rdtscp lm constant_tsc arch_perfmon pebs bts rep_good nopl xtopology nonstop_tsc cpuid aperfmperf pni pclmulqdq dtes64 monitor ds_cpl vmx smx est tm2 ssse3 sdbg fma cx16 xtpr pdcm pcid sse4_1 sse4_2 x2apic movbe popcnt tsc_deadline_timer aes xsave avx f16c rdrand lahf_lm abm cpuid_fault epb invpcid_single pti ssbd ibrs ibpb stibp tpr_shadow vnmi flexpriority ept vpid fsgsbase tsc_adjust bmi1 avx2 smep bmi2 erms invpcid xsaveopt dtherm ida arat pln pts flush_l1d
bugs		: cpu_meltdown spectre_v1 spectre_v2 spec_store_bypass l1tf
bogomips	: 6784.89
clflush size	: 64
cache_alignment	: 64
address sizes	: 39 bits physical, 48 bits virtual
power management:

processor	: 2
vendor_id	: GenuineIntel
cpu family	: 6
model		: 60
model name	: Intel(R) Core(TM) i7-4770 CPU @ 3.40GHz
stepping	: 3
microcode	: 0x25
cpu MHz		: 3297.936
cache size	: 8192 KB
physical id	: 0
siblings	: 8
core id		: 2
cpu cores	: 4
apicid		: 4
initial apicid	: 4
fpu		: yes
fpu_exception	: yes
cpuid level	: 13
wp		: yes
flags		: fpu vme de pse tsc msr pae mce cx8 apic sep mtrr pge mca cmov pat pse36 clflush dts acpi mmx fxsr sse sse2 ss ht tm pbe syscall nx pdpe1gb rdtscp lm constant_tsc arch_perfmon pebs bts rep_good nopl xtopology nonstop_tsc cpuid aperfmperf pni pclmulqdq dtes64 monitor ds_cpl vmx smx est tm2 ssse3 sdbg fma cx16 xtpr pdcm pcid sse4_1 sse4_2 x2apic movbe popcnt tsc_deadline_timer aes xsave avx f16c rdrand lahf_lm abm cpuid_fault epb invpcid_single pti ssbd ibrs ibpb stibp tpr_shadow vnmi flexpriority ept vpid fsgsbase tsc_adjust bmi1 avx2 smep bmi2 erms invpcid xsaveopt dtherm ida arat pln pts flush_l1d
bugs		: cpu_meltdown spectre_v1 spectre_v2 spec_store_bypass l1tf
bogomips	: 6784.89
clflush size	: 64
cache_alignment	: 64
address sizes	: 39 bits physical, 48 bits virtual
power management:

processor	: 3
vendor_id	: GenuineIntel
cpu family	: 6
model		: 60
model name	: Intel(R) Core(TM) i7-4770 CPU @ 3.40GHz
stepping	: 3
microcode	: 0x25
cpu MHz		: 2955.296
cache size	: 8192 KB
physical id	: 0
siblings	: 8
core id		: 3
cpu cores	: 4
apicid		: 6
initial apicid	: 6
fpu		: yes
fpu_exception	: yes
cpuid level	: 13
wp		: yes
flags		: fpu vme de pse tsc msr pae mce cx8 apic sep mtrr pge mca cmov pat pse36 clflush dts acpi mmx fxsr sse sse2 ss ht tm pbe syscall nx pdpe1gb rdtscp lm constant_tsc arch_perfmon pebs bts rep_good nopl xtopology nonstop_tsc cpuid aperfmperf pni pclmulqdq dtes64 monitor ds_cpl vmx smx est tm2 ssse3 sdbg fma cx16 xtpr pdcm pcid sse4_1 sse4_2 x2apic movbe popcnt tsc_deadline_timer aes xsave avx f16c rdrand lahf_lm abm cpuid_fault epb invpcid_single pti ssbd ibrs ibpb stibp tpr_shadow vnmi flexpriority ept vpid fsgsbase tsc_adjust bmi1 avx2 smep bmi2 erms invpcid xsaveopt dtherm ida arat pln pts flush_l1d
bugs		: cpu_meltdown spectre_v1 spectre_v2 spec_store_bypass l1tf
bogomips	: 6784.89
clflush size	: 64
cache_alignment	: 64
address sizes	: 39 bits physical, 48 bits virtual
power management:

processor	: 4
vendor_id	: GenuineIntel
cpu family	: 6
model		: 60
model name	: Intel(R) Core(TM) i7-4770 CPU @ 3.40GHz
stepping	: 3
microcode	: 0x25
cpu MHz		: 3488.565
cache size	: 8192 KB
physical id	: 0
siblings	: 8
core id		: 0
cpu cores	: 4
apicid		: 1
initial apicid	: 1
fpu		: yes
fpu_exception	: yes
cpuid level	: 13
wp		: yes
flags		: fpu vme de pse tsc msr pae mce cx8 apic sep mtrr pge mca cmov pat pse36 clflush dts acpi mmx fxsr sse sse2 ss ht tm pbe syscall nx pdpe1gb rdtscp lm constant_tsc arch_perfmon pebs bts rep_good nopl xtopology nonstop_tsc cpuid aperfmperf pni pclmulqdq dtes64 monitor ds_cpl vmx smx est tm2 ssse3 sdbg fma cx16 xtpr pdcm pcid sse4_1 sse4_2 x2apic movbe popcnt tsc_deadline_timer aes xsave avx f16c rdrand lahf_lm abm cpuid_fault epb invpcid_single pti ssbd ibrs ibpb stibp tpr_shadow vnmi flexpriority ept vpid fsgsbase tsc_adjust bmi1 avx2 smep bmi2 erms invpcid xsaveopt dtherm ida arat pln pts flush_l1d
bugs		: cpu_meltdown spectre_v1 spectre_v2 spec_store_bypass l1tf
bogomips	: 6784.89
clflush size	: 64
cache_alignment	: 64
address sizes	: 39 bits physical, 48 bits virtual
power management:

processor	: 5
vendor_id	: GenuineIntel
cpu family	: 6
model		: 60
model name	: Intel(R) Core(TM) i7-4770 CPU @ 3.40GHz
stepping	: 3
microcode	: 0x25
cpu MHz		: 2886.549
cache size	: 8192 KB
physical id	: 0
siblings	: 8
core id		: 1
cpu cores	: 4
apicid		: 3
initial apicid	: 3
fpu		: yes
fpu_exception	: yes
cpuid level	: 13
wp		: yes
flags		: fpu vme de pse tsc msr pae mce cx8 apic sep mtrr pge mca cmov pat pse36 clflush dts acpi mmx fxsr sse sse2 ss ht tm pbe syscall nx pdpe1gb rdtscp lm constant_tsc arch_perfmon pebs bts rep_good nopl xtopology nonstop_tsc cpuid aperfmperf pni pclmulqdq dtes64 monitor ds_cpl vmx smx est tm2 ssse3 sdbg fma cx16 xtpr pdcm pcid sse4_1 sse4_2 x2apic movbe popcnt tsc_deadline_timer aes xsave avx f16c rdrand lahf_lm abm cpuid_fault epb invpcid_single pti ssbd ibrs ibpb stibp tpr_shadow vnmi flexpriority ept vpid fsgsbase tsc_adjust bmi1 avx2 smep bmi2 erms invpcid xsaveopt dtherm ida arat pln pts flush_l1d
bugs		: cpu_meltdown spectre_v1 spectre_v2 spec_store_bypass l1tf
bogomips	: 6784.89
clflush size	: 64
cache_alignment	: 64
address sizes	: 39 bits physical, 48 bits virtual
power management:

processor	: 6
vendor_id	: GenuineIntel
cpu family	: 6
model		: 60
model name	: Intel(R) Core(TM) i7-4770 CPU @ 3.40GHz
stepping	: 3
microcode	: 0x25
cpu MHz		: 2972.903
cache size	: 8192 KB
physical id	: 0
siblings	: 8
core id		: 2
cpu cores	: 4
apicid		: 5
initial apicid	: 5
fpu		: yes
fpu_exception	: yes
cpuid level	: 13
wp		: yes
flags		: fpu vme de pse tsc msr pae mce cx8 apic sep mtrr pge mca cmov pat pse36 clflush dts acpi mmx fxsr sse sse2 ss ht tm pbe syscall nx pdpe1gb rdtscp lm constant_tsc arch_perfmon pebs bts rep_good nopl xtopology nonstop_tsc cpuid aperfmperf pni pclmulqdq dtes64 monitor ds_cpl vmx smx est tm2 ssse3 sdbg fma cx16 xtpr pdcm pcid sse4_1 sse4_2 x2apic movbe popcnt tsc_deadline_timer aes xsave avx f16c rdrand lahf_lm abm cpuid_fault epb invpcid_single pti ssbd ibrs ibpb stibp tpr_shadow vnmi flexpriority ept vpid fsgsbase tsc_adjust bmi1 avx2 smep bmi2 erms invpcid xsaveopt dtherm ida arat pln pts flush_l1d
bugs		: cpu_meltdown spectre_v1 spectre_v2 spec_store_bypass l1tf
bogomips	: 6784.89
clflush size	: 64
cache_alignment	: 64
address sizes	: 39 bits physical, 48 bits virtual
power management:

processor	: 7
vendor_id	: GenuineIntel
cpu family	: 6
model		: 60
model name	: Intel(R) Core(TM) i7-4770 CPU @ 3.40GHz
stepping	: 3
microcode	: 0x25
cpu MHz		: 2633.215
cache size	: 8192 KB
physical id	: 0
siblings	: 8
core id		: 3
cpu cores	: 4
apicid		: 7
initial apicid	: 7
fpu		: yes
fpu_exception	: yes
cpuid level	: 13
wp		: yes
flags		: fpu vme de pse tsc msr pae mce cx8 apic sep mtrr pge mca cmov pat pse36 clflush dts acpi mmx fxsr sse sse2 ss ht tm pbe syscall nx pdpe1gb rdtscp lm constant_tsc arch_perfmon pebs bts rep_good nopl xtopology nonstop_tsc cpuid aperfmperf pni pclmulqdq dtes64 monitor ds_cpl vmx smx est tm2 ssse3 sdbg fma cx16 xtpr pdcm pcid sse4_1 sse4_2 x2apic movbe popcnt tsc_deadline_timer aes xsave avx f16c rdrand lahf_lm abm cpuid_fault epb invpcid_single pti ssbd ibrs ibpb stibp tpr_shadow vnmi flexpriority ept vpid fsgsbase tsc_adjust bmi1 avx2 smep bmi2 erms invpcid xsaveopt dtherm ida arat pln pts flush_l1d
bugs		: cpu_meltdown spectre_v1 spectre_v2 spec_store_bypass l1tf
bogomips	: 6784.89
clflush size	: 64
cache_alignment	: 64
address sizes	: 39 bits physical, 48 bits virtual
power management:



Memory: 4k page, physical 16330492k(1921032k free), swap 16683004k(16683004k free)

vm_info: OpenJDK 64-Bit Server VM (25.191-b12) for linux-amd64 JRE (1.8.0_191-8u191-b12-2ubuntu0.18.04.1-b12), built on Jan 14 2019 21:02:00 by "buildd" with gcc 7.3.0

time: Mon Apr  1 23:00:04 2019
elapsed time: 0 seconds (0d 0h 0m 0s)

